Sat Jan 11 15:08:50 2020 DISMIS thinks you said 'hello bro'
Sat Jan 11 15:57:32 2020 DISMIS thinks you said 'hey bro'
Sat Jan 11 15:57:39 2020 DISMIS thinks you said 'whats up man'
Sat Jan 11 15:57:47 2020 DISMIS thinks you said 'how are you doing'
Sat Jan 11 15:57:57 2020 DISMIS thinks you said 'ok thats really nice thank you'
Sun Jan 12 18:21:57 2020 DISMIS thinks you said 'new whatsapp'
Sun Jan 12 18:28:04 2020 DISMIS thinks you said 'what is your my stone'
Sun Jan 12 18:28:44 2020 DISMIS thinks you said 'what are the things can you do'
Sun Jan 12 18:29:11 2020 DISMIS thinks you said 'what can you do'
Sun Jan 12 18:29:37 2020 DISMIS thinks you said 'i am home'
Sun Jan 12 18:29:50 2020 DISMIS thinks you said 'daddys home'
Sun Jan 12 18:30:02 2020 DISMIS thinks you said 'hey baby'
Sun Jan 12 18:30:11 2020 DISMIS thinks you said 'hi aunty'
Sun Jan 12 18:30:20 2020 DISMIS thinks you said 'online'
Sun Jan 12 18:30:43 2020 DISMIS thinks you said 'hi buddy'
Sun Jan 12 18:30:53 2020 DISMIS thinks you said 'who are you'
Sun Jan 12 18:31:08 2020 DISMIS thinks you said 'who are you'
Sun Jan 12 18:31:34 2020 DISMIS thinks you said 'huawei today'
Sun Jan 12 18:31:42 2020 DISMIS thinks you said 'how i look today'
Sun Jan 12 18:31:52 2020 DISMIS thinks you said 'huawei'
Sun Jan 12 18:31:59 2020 DISMIS thinks you said 'huawei'
Sun Jan 12 18:32:08 2020 DISMIS thinks you said 'how am i'
Sun Jan 12 18:32:21 2020 DISMIS thinks you said 'vidwan'
Sun Jan 12 18:32:29 2020 DISMIS thinks you said 'where did you born'
Sun Jan 12 18:32:50 2020 DISMIS thinks you said 'why are you here'
Sun Jan 12 18:33:00 2020 DISMIS thinks you said 'why are you exist'
Sun Jan 12 18:33:09 2020 DISMIS thinks you said 'how are you'
Sun Jan 12 18:33:19 2020 DISMIS thinks you said 'how old are you'
Sun Jan 12 18:33:28 2020 DISMIS thinks you said 'what is the rate'
Sun Jan 12 18:33:36 2020 DISMIS thinks you said 'what is your age'
Sun Jan 12 18:34:15 2020 DISMIS thinks you said 'master'
Sun Jan 12 18:34:42 2020 DISMIS thinks you said 'who is the master'
Sun Jan 12 18:34:55 2020 DISMIS thinks you said 'what are you doing'
Sun Jan 12 18:35:05 2020 DISMIS thinks you said 'say hello to all'
Sun Jan 12 18:35:13 2020 DISMIS thinks you said 'say hello to her'
Sun Jan 12 18:35:22 2020 DISMIS thinks you said 'say hi to him'
Sun Jan 12 18:35:32 2020 DISMIS thinks you said 'cinema theatre dam'
Sun Jan 12 18:35:41 2020 DISMIS thinks you said 'say hello to them'
Sun Jan 12 18:35:50 2020 DISMIS thinks you said 'wait'
Sun Jan 12 18:35:58 2020 DISMIS thinks you said 'thank you'
Sun Jan 12 18:36:07 2020 DISMIS thinks you said 'i love you'
Sun Jan 12 18:37:48 2020 DISMIS thinks you said 'i love you'
Sun Jan 12 18:39:12 2020 DISMIS thinks you said 'are you tired and tired'
Sun Jan 12 18:39:25 2020 DISMIS thinks you said 'are you so much smart'
Sun Jan 12 18:40:01 2020 DISMIS thinks you said 'what is the time'
Sun Jan 12 18:40:26 2020 DISMIS thinks you said 'what is the date'
Sun Jan 12 18:41:00 2020 DISMIS thinks you said 'what is the who is thomas robertson'
Sun Jan 12 18:41:08 2020 DISMIS thinks you said 'internet who is thomas alva edison'
Sun Jan 12 18:42:08 2020 DISMIS thinks you said 'open facebook'
Sun Jan 12 18:42:47 2020 DISMIS thinks you said 'open instagram'
Sun Jan 12 18:42:59 2020 DISMIS thinks you said 'where is nepal'
Sun Jan 12 18:43:16 2020 DISMIS thinks you said 'where is kathmandu'
Sun Jan 12 18:43:31 2020 DISMIS thinks you said 'show me kathmandu'
Sun Jan 12 18:43:46 2020 DISMIS thinks you said 'the place name kathmandu'
Sun Jan 12 18:43:54 2020 DISMIS thinks you said 'i need the find me the place name kathmandu'
Sun Jan 12 18:44:36 2020 DISMIS thinks you said 'check internet speed'
Sun Jan 12 18:45:06 2020 DISMIS thinks you said 'my net speed what is my net speed'
Sun Jan 12 18:46:09 2020 DISMIS thinks you said 'tell me a joke'
Sun Jan 12 18:46:32 2020 DISMIS thinks you said 'tell me a court'
Sun Jan 12 18:46:38 2020 DISMIS thinks you said 'tell me a quote'
Sun Jan 12 18:47:29 2020 DISMIS thinks you said 'lets party'
Sun Jan 12 18:47:47 2020 DISMIS thinks you said 'dj on'
Sun Jan 12 18:48:22 2020 DISMIS thinks you said 'i want to write something'
Sun Jan 12 18:51:00 2020 DISMIS thinks you said 'i want to i want to write something'
Sun Jan 12 18:53:24 2020 DISMIS thinks you said 'i want to do something'
Sun Jan 12 18:53:32 2020 DISMIS thinks you said 'i want to write something'
Sun Jan 12 18:54:59 2020 DISMIS thinks you said 'menu return notes'
Sun Jan 12 18:55:07 2020 DISMIS thinks you said 'read manually written notes'
Sun Jan 12 18:55:18 2020 DISMIS thinks you said 'ok'
Sun Jan 12 18:56:59 2020 DISMIS thinks you said 'read manually written notes'
Sun Jan 12 18:59:08 2020 DISMIS thinks you said 'see what i want to see what i have written manually notes'
Sun Jan 12 18:59:19 2020 DISMIS thinks you said 'read manually return'
Sun Jan 12 18:59:34 2020 DISMIS thinks you said 'read manually written notes'
Sun Jan 12 19:01:06 2020 DISMIS thinks you said 'read my deleted notes'
Sun Jan 12 19:01:15 2020 DISMIS thinks you said 'read manually written notes'
Sun Jan 12 19:01:56 2020 DISMIS thinks you said 'note something who are you'
Sun Jan 12 19:02:10 2020 DISMIS thinks you said 'not something what is your name'
Sun Jan 12 19:02:17 2020 DISMIS thinks you said 'note something what is your name'
Sun Jan 12 19:03:14 2020 DISMIS thinks you said 'play me a music'
Sun Jan 12 19:04:14 2020 DISMIS thinks you said 'play me a music'
Sun Jan 12 19:04:52 2020 DISMIS thinks you said 'stop the music'
Sun Jan 12 19:07:39 2020 DISMIS thinks you said 'music'
Sun Jan 12 19:07:48 2020 DISMIS thinks you said 'play me a music'
Sun Jan 12 19:08:12 2020 DISMIS thinks you said 'net'
Sun Jan 12 19:08:20 2020 DISMIS thinks you said 'mix song'
Sun Jan 12 19:08:29 2020 DISMIS thinks you said 'next song'
Sun Jan 12 19:08:45 2020 DISMIS thinks you said 'steps of house'
Sun Jan 12 19:08:54 2020 DISMIS thinks you said 'shuffle'
Sun Jan 12 19:10:03 2020 DISMIS thinks you said 'repeat the song'
Sun Jan 12 19:10:18 2020 DISMIS thinks you said 'repeat repeat'
Sun Jan 12 19:10:27 2020 DISMIS thinks you said 'stop repeat'
Sun Jan 12 19:10:36 2020 DISMIS thinks you said 'wwe match'
Sun Jan 12 19:10:41 2020 DISMIS thinks you said 'tell me weather'
Sun Jan 12 19:12:29 2020 DISMIS thinks you said 'tell youtube to search justin bieber yummy'
Sun Jan 12 19:12:44 2020 DISMIS thinks you said 'tell to youtube to play justin biebers army'
Sun Jan 12 19:13:03 2020 DISMIS thinks you said 'stop the music'
Sun Jan 12 19:14:06 2020 DISMIS thinks you said 'hey play me a song'
Sun Jan 12 19:14:24 2020 DISMIS thinks you said 'hey play me'
Sun Jan 12 19:14:33 2020 DISMIS thinks you said 'hey play me a song'
Sun Jan 12 19:18:42 2020 DISMIS thinks you said 'play me a music'
Sun Jan 12 19:19:00 2020 DISMIS thinks you said 'play me a song'
Sun Jan 12 19:19:09 2020 DISMIS thinks you said 'play me a song'
Sun Jan 12 19:19:24 2020 DISMIS thinks you said 'tell youtube to play justin bieber you me'
Sun Jan 12 19:20:11 2020 DISMIS thinks you said 'hey play me a song'
Sun Jan 12 19:20:26 2020 DISMIS thinks you said 'stop'
Sun Jan 12 19:21:42 2020 DISMIS thinks you said 'send me the folder lock password'
Sun Jan 12 19:21:58 2020 DISMIS thinks you said 'display the information of my operating system'
Sun Jan 12 19:23:14 2020 DISMIS thinks you said 'open chrome'
Sun Jan 12 19:23:25 2020 DISMIS thinks you said 'close chrome'
Sun Jan 12 19:23:40 2020 DISMIS thinks you said 'launch chrome'
Sun Jan 12 19:24:13 2020 DISMIS thinks you said 'set the volume at 24'
Sun Jan 12 19:24:21 2020 DISMIS thinks you said 'set the volume at 24%'
Sun Jan 12 19:24:29 2020 DISMIS thinks you said 'set the volume at 20%'
Sun Jan 12 19:24:42 2020 DISMIS thinks you said 'set the volume at hundred percent'
Sun Jan 12 19:26:03 2020 DISMIS thinks you said 'what'
Sun Jan 12 19:26:11 2020 DISMIS thinks you said 'what do i have for tomorrow'
Sun Jan 12 19:27:25 2020 DISMIS thinks you said 'what do i have plans for tomorrow'
Sat Jan 18 08:42:46 2020 DISMIS thinks you said 'vegeta super'
Sat Jan 18 08:43:00 2020 DISMIS thinks you said 'all the best'
Sat Jan 18 11:14:20 2020 DISMIS thinks you said 'ki sundar'
Sat Jan 18 15:52:23 2020 DISMIS thinks you said 'dil ke dariya'
Sat Jan 18 15:53:11 2020 DISMIS thinks you said 'open facebook'
Sat Jan 18 15:53:24 2020 DISMIS thinks you said 'batohiya'
Sat Jan 18 17:54:03 2020 DISMIS thinks you said 'hello hello'
Sat Jan 18 17:54:12 2020 DISMIS thinks you said 'show me the detail of passport'
Sat Jan 18 17:54:24 2020 DISMIS thinks you said 'send me the details'
Sat Jan 18 17:54:48 2020 DISMIS thinks you said 'send me the details of your password'
Sat Jan 18 17:54:56 2020 DISMIS thinks you said 'show me the details of ola password'
Sun Jan 19 14:35:14 2020 DISMIS thinks you said 'haryanvi gana'
Sun Jan 19 14:35:22 2020 DISMIS thinks you said 'open'
Sun Jan 19 14:38:11 2020 DISMIS thinks you said 'mera shyam ko chaha'
Sun Jan 19 14:38:33 2020 DISMIS thinks you said 'tilak'
Sun Jan 19 14:38:42 2020 DISMIS thinks you said 'muscle pakana'
Sun Jan 19 14:38:50 2020 DISMIS thinks you said 'tiger reserve'
Sun Jan 19 14:39:05 2020 DISMIS thinks you said 'ok samachar'
Sun Jan 19 14:39:19 2020 DISMIS thinks you said 'hello'
Sun Jan 19 14:39:27 2020 DISMIS thinks you said 'yo'
Sun Jan 19 14:39:36 2020 DISMIS thinks you said '3 ghanta'
Sun Jan 19 14:39:51 2020 DISMIS thinks you said 'katrina'
Sun Jan 19 14:45:38 2020 DISMIS thinks you said 'tekken 3 tekken'
Sun Jan 19 15:23:09 2020 DISMIS thinks you said 'hotel nakshatra'
Sun Jan 19 15:23:14 2020 DISMIS thinks you said 'my love'
Sun Jan 19 15:23:24 2020 DISMIS thinks you said 'dinner'
Sun Jan 19 15:23:41 2020 DISMIS thinks you said 'ko'
Sun Jan 19 15:23:50 2020 DISMIS thinks you said 'open the timer'
Sun Jan 19 15:42:46 2020 DISMIS thinks you said 'what is today'
Sun Jan 19 15:42:55 2020 DISMIS thinks you said 'khata'
Sun Jan 19 15:59:54 2020 DISMIS thinks you said 'avenger'
Sun Jan 19 16:02:37 2020 DISMIS thinks you said 'happy happy'
Sun Jan 19 16:04:12 2020 DISMIS thinks you said 'dolphin emulator'
Sun Jan 19 16:04:20 2020 DISMIS thinks you said 'funny images'
Sun Jan 19 16:04:44 2020 DISMIS thinks you said 'andar'
Sun Jan 19 16:04:52 2020 DISMIS thinks you said 'jhumar banane ka film'
Sun Jan 19 16:06:35 2020 DISMIS thinks you said 'chalo chalo chalo chalo chalo'
Sun Jan 19 16:06:41 2020 DISMIS thinks you said 'hey baby'
Sun Jan 19 16:06:52 2020 DISMIS thinks you said 'priyanka chopra today'
Sun Jan 19 16:07:08 2020 DISMIS thinks you said 'tell me about the weather'
Sun Jan 19 16:48:20 2020 DISMIS thinks you said 'tatha'
Sun Jan 19 16:48:36 2020 DISMIS thinks you said 'jab tak dil kare'
Sun Jan 19 16:51:22 2020 DISMIS thinks you said 'hello'
Sun Jan 19 16:51:30 2020 DISMIS thinks you said 'hello hello'
Sun Jan 19 16:51:53 2020 DISMIS thinks you said 'i just died today'
Sun Jan 19 16:52:14 2020 DISMIS thinks you said 'then 18'
Sun Jan 19 16:54:55 2020 DISMIS thinks you said 'aaj ke bad'
Sun Jan 19 16:54:59 2020 DISMIS thinks you said '48 minut'
Sun Jan 19 16:55:22 2020 DISMIS thinks you said 'main'
Sun Jan 19 17:07:53 2020 DISMIS thinks you said 'xx'
Sun Jan 19 17:08:00 2020 DISMIS thinks you said 'give the system'
Sun Jan 19 17:08:09 2020 DISMIS thinks you said 'reboot the system'
Sun Jan 19 17:10:16 2020 DISMIS thinks you said 'facebook'
Sun Jan 19 17:10:40 2020 DISMIS thinks you said 'zomato time table'
Sun Jan 19 17:10:46 2020 DISMIS thinks you said 'han'
Sun Jan 19 17:10:55 2020 DISMIS thinks you said 'sophie matlab'
Sun Jan 19 17:11:04 2020 DISMIS thinks you said 'tanu'
Sun Jan 19 18:26:53 2020 DISMIS thinks you said 'open facebook'
Sun Jan 19 18:27:15 2020 DISMIS thinks you said 'open court'
Sun Jan 19 18:27:30 2020 DISMIS thinks you said 'launch court'
Sun Jan 19 18:28:59 2020 DISMIS thinks you said 'launch court'
Sun Jan 19 18:29:08 2020 DISMIS thinks you said 'launch visual studio code'
Sun Jan 19 18:29:31 2020 DISMIS thinks you said 'playstation network'
Sun Jan 19 18:29:40 2020 DISMIS thinks you said 'close visual studio code'
Sun Jan 19 18:29:53 2020 DISMIS thinks you said 'close chrome'
Sun Jan 19 18:30:04 2020 DISMIS thinks you said 'open terminal'
Sun Jan 19 18:30:17 2020 DISMIS thinks you said 'close chrome'
Sun Jan 19 18:30:26 2020 DISMIS thinks you said 'launch terminal'
Sun Jan 19 18:30:42 2020 DISMIS thinks you said '16 16 16'
Sun Jan 19 18:31:33 2020 DISMIS thinks you said 'love stamina'
Sun Jan 19 18:31:41 2020 DISMIS thinks you said 'launch terminal'
Sun Jan 19 18:34:54 2020 DISMIS thinks you said 'baleno'
Sun Jan 19 18:35:02 2020 DISMIS thinks you said 'launch terminal'
Sun Jan 19 18:41:48 2020 DISMIS thinks you said 'show me the images'
Sun Jan 19 18:43:20 2020 DISMIS thinks you said 'play me a song'
Sun Jan 19 18:43:28 2020 DISMIS thinks you said 'play me a song'
Sun Jan 19 18:43:35 2020 DISMIS thinks you said 'play me a song'
Tue Jan 21 13:31:01 2020 DISMIS thinks you said 'hello hello hello'
Tue Jan 21 13:31:09 2020 DISMIS thinks you said 'open facebook'
Tue Jan 21 13:31:30 2020 DISMIS thinks you said 'yummy'
Tue Jan 21 13:31:38 2020 DISMIS thinks you said 'youtube latest in dubai army'
Tue Jan 21 13:32:51 2020 DISMIS thinks you said 'lo'
Tue Jan 21 13:33:26 2020 DISMIS thinks you said 'raining'
Tue Jan 21 13:33:40 2020 DISMIS thinks you said 'uni'
Tue Jan 21 13:33:48 2020 DISMIS thinks you said 'kyunki'
Tue Jan 21 13:34:03 2020 DISMIS thinks you said 'hello'
Tue Jan 21 13:34:25 2020 DISMIS thinks you said 'alka number message'
Tue Jan 21 13:34:40 2020 DISMIS thinks you said 'number'
Tue Jan 21 13:35:07 2020 DISMIS thinks you said 'visible ka photo'
Tue Jan 21 13:35:15 2020 DISMIS thinks you said 'pitbull'
Tue Jan 21 13:35:22 2020 DISMIS thinks you said 'sathiyon'
Tue Jan 21 13:36:50 2020 DISMIS thinks you said 'net protector'
Tue Jan 21 13:36:58 2020 DISMIS thinks you said 'next'
Tue Jan 21 13:37:56 2020 DISMIS thinks you said 'rudraksh ki photo'
Tue Jan 21 13:38:04 2020 DISMIS thinks you said 'message message'
Tue Jan 21 13:38:31 2020 DISMIS thinks you said 'han wiki'
Tue Jan 21 13:39:19 2020 DISMIS thinks you said 'sanjay singh'
Tue Jan 21 13:39:26 2020 DISMIS thinks you said 'anna'
Tue Jan 21 13:40:07 2020 DISMIS thinks you said 'puja china'
Tue Jan 21 13:40:47 2020 DISMIS thinks you said 'hello sunil'
Tue Jan 21 13:41:01 2020 DISMIS thinks you said 'hello'
Tue Jan 21 13:41:43 2020 DISMIS thinks you said 'bike'
Tue Jan 21 13:42:06 2020 DISMIS thinks you said 'call lagana'
Tue Jan 21 13:47:42 2020 DISMIS thinks you said 'hello'
Tue Jan 21 13:49:04 2020 DISMIS thinks you said 'hello hello'
Tue Jan 21 13:49:17 2020 DISMIS thinks you said 'mp3'
Tue Jan 21 13:49:50 2020 DISMIS thinks you said 'krishna'
Tue Jan 21 13:49:58 2020 DISMIS thinks you said 'namaste'
Tue Jan 21 13:50:09 2020 DISMIS thinks you said 'kathu'
Tue Jan 21 13:50:17 2020 DISMIS thinks you said 'cartoon'
Tue Jan 21 13:50:24 2020 DISMIS thinks you said 'how'
Tue Jan 21 13:50:32 2020 DISMIS thinks you said 'kavita'
Tue Jan 21 13:50:53 2020 DISMIS thinks you said 'maharana'
Tue Jan 21 13:51:21 2020 DISMIS thinks you said 'hello'
Tue Jan 21 13:51:30 2020 DISMIS thinks you said 'call my bodyguard'
Tue Jan 21 13:51:38 2020 DISMIS thinks you said 'janeman janeman'
Tue Jan 21 13:52:00 2020 DISMIS thinks you said 'kali'
Tue Jan 21 13:52:36 2020 DISMIS thinks you said 'close chrome'
Tue Jan 21 16:04:36 2020 DISMIS thinks you said 'cricket'
Tue Jan 21 16:04:44 2020 DISMIS thinks you said 'bus bus bus'
Tue Jan 21 16:04:50 2020 DISMIS thinks you said 'sanvidhan bhajan'
Tue Jan 21 16:05:04 2020 DISMIS thinks you said 'kauwa'
Tue Jan 21 16:05:25 2020 DISMIS thinks you said 'canvas'
Tue Jan 21 16:05:52 2020 DISMIS thinks you said 'k'
Tue Jan 21 16:06:19 2020 DISMIS thinks you said 'quiz'
Tue Jan 21 16:06:41 2020 DISMIS thinks you said 'telugu'
Tue Jan 21 16:06:56 2020 DISMIS thinks you said 'left'
Tue Jan 21 16:07:43 2020 DISMIS thinks you said 'hera pheri'
Tue Jan 21 16:07:51 2020 DISMIS thinks you said 'meerut meerut'
Tue Jan 21 16:08:00 2020 DISMIS thinks you said 'ok'
Tue Jan 21 16:09:20 2020 DISMIS thinks you said 'tiwari'
Tue Jan 21 16:09:27 2020 DISMIS thinks you said 'ok'
Tue Jan 21 16:09:40 2020 DISMIS thinks you said 'same'
Tue Jan 21 16:10:14 2020 DISMIS thinks you said 'talking angela'
Tue Jan 21 16:10:26 2020 DISMIS thinks you said 'bannimantap'
Tue Jan 21 16:11:01 2020 DISMIS thinks you said 'call girlfriend'
Tue Jan 21 16:11:20 2020 DISMIS thinks you said 'commercial amma call centre'
Tue Jan 21 16:11:28 2020 DISMIS thinks you said 'anita anu anu'
Tue Jan 21 16:13:05 2020 DISMIS thinks you said 'potato'
Tue Jan 21 17:03:19 2020 DISMIS thinks you said 'doesnt'
Tue Jan 21 17:03:57 2020 DISMIS thinks you said 'hi'
Tue Jan 21 17:04:11 2020 DISMIS thinks you said 'hello'
Tue Jan 21 17:04:16 2020 DISMIS thinks you said 'open guitar shop'
Tue Jan 21 17:05:35 2020 DISMIS thinks you said 'hello hello hello'
Tue Jan 21 17:05:43 2020 DISMIS thinks you said 'close terminal'
Tue Jan 21 17:06:17 2020 DISMIS thinks you said 'open terminal'
Tue Jan 21 17:06:28 2020 DISMIS thinks you said 'launch terminal'
Tue Jan 21 17:07:03 2020 DISMIS thinks you said 'sujan'
Tue Jan 21 17:07:16 2020 DISMIS thinks you said 'shut up'
Tue Jan 21 17:07:24 2020 DISMIS thinks you said 'jaguar'
Tue Jan 21 17:10:08 2020 DISMIS thinks you said 'software'
Tue Jan 21 17:10:16 2020 DISMIS thinks you said 'paragon'
Tue Jan 21 17:10:50 2020 DISMIS thinks you said 'koel'
Tue Jan 21 17:12:52 2020 DISMIS thinks you said 'station'
Tue Jan 21 17:13:07 2020 DISMIS thinks you said 'pani ki main'
Tue Jan 21 17:15:51 2020 DISMIS thinks you said 'if you'
Tue Jan 21 17:16:01 2020 DISMIS thinks you said 'if you'
Tue Jan 21 17:18:56 2020 DISMIS thinks you said 'open visual studio code'
Tue Jan 21 17:19:04 2020 DISMIS thinks you said 'launch visual studio code'
Tue Jan 21 17:19:20 2020 DISMIS thinks you said 'close chrome'
Tue Jan 21 17:20:06 2020 DISMIS thinks you said 'khesari lal'
Tue Jan 21 17:20:25 2020 DISMIS thinks you said 'close terminal'
Tue Jan 21 17:24:53 2020 DISMIS thinks you said 'mera mera'
Tue Jan 21 17:25:17 2020 DISMIS thinks you said 'marega gaye'
Tue Jan 21 17:25:25 2020 DISMIS thinks you said 'mera mera'
Tue Jan 21 17:29:25 2020 DISMIS thinks you said 'for me'
Tue Jan 21 17:31:29 2020 DISMIS thinks you said 'mumbai'
Tue Jan 21 17:35:42 2020 DISMIS thinks you said 'ego'
Tue Jan 21 17:42:08 2020 DISMIS thinks you said '220'
Tue Jan 21 17:42:55 2020 DISMIS thinks you said 'love you'
Wed Jan 22 08:24:00 2020 DISMIS thinks you said 'open gmail'
Wed Jan 22 08:32:41 2020 DISMIS thinks you said 'chalo hello'
Wed Jan 22 08:32:49 2020 DISMIS thinks you said 'open facebook'
Wed Jan 22 08:42:55 2020 DISMIS thinks you said 'swatantra school'
Wed Jan 22 08:47:30 2020 DISMIS thinks you said 'childrens ke bhagat'
Wed Jan 22 08:47:37 2020 DISMIS thinks you said 'hello hello'
Wed Jan 22 08:47:45 2020 DISMIS thinks you said 'accident play justin bieber army'
Wed Jan 22 08:47:53 2020 DISMIS thinks you said 'x youtube play justin bieber'
Wed Jan 22 08:48:07 2020 DISMIS thinks you said 'absolutely'
Wed Jan 22 08:48:15 2020 DISMIS thinks you said 'youtube to play justin bieber me'
Wed Jan 22 15:33:08 2020 DISMIS thinks you said 'railway station'
Wed Jan 22 15:33:16 2020 DISMIS thinks you said 'hello hello'
Wed Jan 22 15:33:24 2020 DISMIS thinks you said 'rajwap'
Wed Jan 22 15:33:29 2020 DISMIS thinks you said 'are you up'
Wed Jan 22 15:34:39 2020 DISMIS thinks you said 'open google'
Wed Jan 22 15:39:05 2020 DISMIS thinks you said 'picture'
Wed Jan 22 15:46:11 2020 DISMIS thinks you said 'entertainment'
Wed Jan 22 15:46:39 2020 DISMIS thinks you said 'which among'
Wed Jan 22 15:46:47 2020 DISMIS thinks you said 'love jara'
Wed Jan 22 15:47:01 2020 DISMIS thinks you said 'aniket'
Wed Jan 22 15:47:09 2020 DISMIS thinks you said 'patanjali'
Wed Jan 22 15:47:37 2020 DISMIS thinks you said 'keno bolo'
Wed Jan 22 15:48:07 2020 DISMIS thinks you said 'advice meaning'
Wed Jan 22 15:48:23 2020 DISMIS thinks you said 'heartiest'
Wed Jan 22 15:48:31 2020 DISMIS thinks you said 'sticker'
Wed Jan 22 15:48:39 2020 DISMIS thinks you said 'i love you i love you'
Fri Jan 24 14:13:48 2020 DISMIS thinks you said 'open youtube'
Fri Jan 24 14:14:13 2020 DISMIS thinks you said 'hey are you up'
Fri Jan 24 14:14:31 2020 DISMIS thinks you said 'hua kaise hua'
Fri Jan 24 14:14:39 2020 DISMIS thinks you said 'kya kar rahe ho'
Fri Jan 24 14:14:54 2020 DISMIS thinks you said 'rahata hun'
Fri Jan 24 14:16:08 2020 DISMIS thinks you said 'hello'
Fri Jan 24 14:16:16 2020 DISMIS thinks you said 'play i dont care by just justin bieber on youtube'
Fri Jan 24 14:16:41 2020 DISMIS thinks you said 'christmas installation'
Fri Jan 24 14:22:50 2020 DISMIS thinks you said 'achha achha'
Fri Jan 24 14:24:27 2020 DISMIS thinks you said 'hello hello'
Fri Jan 24 14:24:48 2020 DISMIS thinks you said 'close chrome'
Fri Jan 24 14:25:10 2020 DISMIS thinks you said 'play let me down slowly on youtube'
Fri Jan 24 14:25:25 2020 DISMIS thinks you said 'set the volume at hundred percent'
Fri Jan 24 14:27:57 2020 DISMIS thinks you said 'open'
Fri Jan 24 14:28:06 2020 DISMIS thinks you said 'open gmail'
Fri Jan 24 14:28:42 2020 DISMIS thinks you said 'california'
Fri Jan 24 14:31:54 2020 DISMIS thinks you said 'visualisation engineering in world'
Fri Jan 24 14:32:15 2020 DISMIS thinks you said 'best friend'
Fri Jan 24 14:34:51 2020 DISMIS thinks you said 'close chrome'
Fri Jan 24 14:35:00 2020 DISMIS thinks you said 'play set forever on youtube'
Fri Jan 24 15:19:23 2020 DISMIS thinks you said 'open guitar'
Fri Jan 24 15:19:39 2020 DISMIS thinks you said 'open guitar'
Fri Jan 24 15:20:47 2020 DISMIS thinks you said '2016'
Fri Jan 24 15:20:47 2020 DISMIS thinks you said '2016'
Fri Jan 24 15:24:52 2020 DISMIS thinks you said 'ahai'
Fri Jan 24 15:24:52 2020 DISMIS thinks you said 'mama hai'
Fri Jan 24 15:37:17 2020 DISMIS thinks you said 'pritam'
Fri Jan 24 15:37:18 2020 DISMIS thinks you said 'pritam'
Fri Jan 24 15:37:26 2020 DISMIS thinks you said 'i 72 play justin bieber your me on'
Fri Jan 24 15:37:26 2020 DISMIS thinks you said '72 play justin bieber on youtube'
Fri Jan 24 15:37:37 2020 DISMIS thinks you said 'home town'
Fri Jan 24 15:37:37 2020 DISMIS thinks you said 'home town'
Fri Jan 24 15:38:03 2020 DISMIS thinks you said 'aur kuch'
Fri Jan 24 15:38:10 2020 DISMIS thinks you said 'mobile iphone photo'
Fri Jan 24 15:38:10 2020 DISMIS thinks you said 'iphone photo download'
Fri Jan 24 15:38:31 2020 DISMIS thinks you said 'charger'
Fri Jan 24 15:38:32 2020 DISMIS thinks you said 'bajaj dwara'
Fri Jan 24 15:38:39 2020 DISMIS thinks you said 'pura basna'
Fri Jan 24 15:38:40 2020 DISMIS thinks you said 'prabhas'
Fri Jan 24 15:38:47 2020 DISMIS thinks you said 'im just your man on a wire'
Fri Jan 24 15:38:48 2020 DISMIS thinks you said 'wire'
Fri Jan 24 15:39:28 2020 DISMIS thinks you said 'disha vakani'
Fri Jan 24 15:39:28 2020 DISMIS thinks you said 'varkala'
Fri Jan 24 15:39:36 2020 DISMIS thinks you said 'kripya'
Fri Jan 24 15:39:50 2020 DISMIS thinks you said 'hanuman'
Fri Jan 24 15:39:55 2020 DISMIS thinks you said 'dushman'
Fri Jan 24 15:40:25 2020 DISMIS thinks you said 'sundar'
Fri Jan 24 15:40:29 2020 DISMIS thinks you said 'truecaller'
Fri Jan 24 15:40:33 2020 DISMIS thinks you said 'open calendar'
Fri Jan 24 15:40:37 2020 DISMIS thinks you said 'open calendar'
Fri Jan 24 15:41:01 2020 DISMIS thinks you said 'nova'
Fri Jan 24 15:41:03 2020 DISMIS thinks you said 'january'
Fri Jan 24 15:41:09 2020 DISMIS thinks you said 'jamui news today'
Fri Jan 24 15:41:11 2020 DISMIS thinks you said 'yesterday'
Fri Jan 24 15:45:05 2020 DISMIS thinks you said 'open'
Fri Jan 24 15:45:05 2020 DISMIS thinks you said 'show me open'
Fri Jan 24 15:45:14 2020 DISMIS thinks you said 'facebook'
Fri Jan 24 15:45:14 2020 DISMIS thinks you said 'facebook'
Fri Jan 24 15:45:21 2020 DISMIS thinks you said 'open facebook'
Fri Jan 24 15:45:22 2020 DISMIS thinks you said 'open facebook'
Fri Jan 24 15:45:45 2020 DISMIS thinks you said 'bhajan'
Fri Jan 24 15:45:45 2020 DISMIS thinks you said 'aditya bhajan'
Fri Jan 24 15:46:00 2020 DISMIS thinks you said 'vicky meena'
Fri Jan 24 15:46:34 2020 DISMIS thinks you said 'my little sister'
Fri Jan 24 15:46:35 2020 DISMIS thinks you said 'tohana aliganj etah'
Fri Jan 24 15:47:26 2020 DISMIS thinks you said 'kidhar rahte ho'
Fri Jan 24 15:47:27 2020 DISMIS thinks you said 'kidhar rahte ho'
Fri Jan 24 15:47:36 2020 DISMIS thinks you said 'ki kar rahe the'
Fri Jan 24 15:47:37 2020 DISMIS thinks you said 'ki kar rahe the'
Fri Jan 24 15:47:49 2020 DISMIS thinks you said 'car charger lag raha tha'
Fri Jan 24 15:48:04 2020 DISMIS thinks you said 'belun belun'
Fri Jan 24 15:48:04 2020 DISMIS thinks you said 'belun belun'
Fri Jan 24 15:48:47 2020 DISMIS thinks you said 'i know i know i know i know'
Fri Jan 24 15:48:48 2020 DISMIS thinks you said 'i know i know i know i know'
Fri Jan 24 15:48:56 2020 DISMIS thinks you said 'archana'
Fri Jan 24 15:49:04 2020 DISMIS thinks you said 'ham gana'
Fri Jan 24 15:49:09 2020 DISMIS thinks you said 'kya'
Fri Jan 24 15:49:11 2020 DISMIS thinks you said 'yogi'
Fri Jan 24 15:49:22 2020 DISMIS thinks you said 'dada'
Fri Jan 24 15:49:41 2020 DISMIS thinks you said 'advantage'
Fri Jan 24 15:49:44 2020 DISMIS thinks you said 'advantage'
Fri Jan 24 15:49:54 2020 DISMIS thinks you said 'sangeeta ke nuskhe'
Fri Jan 24 15:50:12 2020 DISMIS thinks you said 'balveer'
Fri Jan 24 15:50:29 2020 DISMIS thinks you said 'dainik'
Fri Jan 24 15:50:44 2020 DISMIS thinks you said 'suzuki'
Fri Jan 24 15:50:45 2020 DISMIS thinks you said 'suzuki'
Fri Jan 24 15:50:45 2020 DISMIS thinks you said 'suzuki'
Fri Jan 24 15:51:15 2020 DISMIS thinks you said 'bhagat'
Fri Jan 24 15:51:15 2020 DISMIS thinks you said 'ghaziabad'
Fri Jan 24 15:51:48 2020 DISMIS thinks you said 'setting'
Fri Jan 24 15:51:57 2020 DISMIS thinks you said 'temple'
Fri Jan 24 15:51:57 2020 DISMIS thinks you said 'cancel'
Fri Jan 24 15:52:22 2020 DISMIS thinks you said 'anushka sharma'
Fri Jan 24 15:52:42 2020 DISMIS thinks you said 'kutub'
Fri Jan 24 15:52:49 2020 DISMIS thinks you said 'rameswar pathak'
Fri Jan 24 15:53:36 2020 DISMIS thinks you said '2017'
Fri Jan 24 15:53:39 2020 DISMIS thinks you said 'ashok ji bhajan'
Fri Jan 24 15:53:39 2020 DISMIS thinks you said 'ashok ji bhajan'
Fri Jan 24 15:53:47 2020 DISMIS thinks you said 'balance'
Fri Jan 24 15:54:14 2020 DISMIS thinks you said 'next saturday'
Fri Jan 24 15:54:14 2020 DISMIS thinks you said 'next saturday'
Fri Jan 24 15:54:14 2020 DISMIS thinks you said 'next married'
Fri Jan 24 15:54:40 2020 DISMIS thinks you said 'madina qurbani'
Fri Jan 24 15:54:40 2020 DISMIS thinks you said 'madina qurbani'
Fri Jan 24 15:54:48 2020 DISMIS thinks you said 'comment'
Fri Jan 24 15:54:48 2020 DISMIS thinks you said 'comment'
Fri Jan 24 15:54:48 2020 DISMIS thinks you said 'lament'
Fri Jan 24 15:54:57 2020 DISMIS thinks you said 'dilwale'
Fri Jan 24 15:54:58 2020 DISMIS thinks you said 'dilwar dilwar'
Fri Jan 24 15:55:08 2020 DISMIS thinks you said 'kuchh romantic'
Fri Jan 24 15:55:15 2020 DISMIS thinks you said 'kota'
Fri Jan 24 15:55:15 2020 DISMIS thinks you said 'kota'
Fri Jan 24 15:55:30 2020 DISMIS thinks you said 'happy birthday sandhya'
Fri Jan 24 15:55:31 2020 DISMIS thinks you said 'happy sunday'
Fri Jan 24 15:55:34 2020 DISMIS thinks you said 'importance and advantages'
Fri Jan 24 15:55:42 2020 DISMIS thinks you said 'banda'
Fri Jan 24 15:55:46 2020 DISMIS thinks you said 'panda'
Fri Jan 24 15:56:05 2020 DISMIS thinks you said 'relationship'
Fri Jan 24 15:56:05 2020 DISMIS thinks you said 'relationship'
Fri Jan 24 15:56:15 2020 DISMIS thinks you said 'new picture'
Fri Jan 24 15:56:19 2020 DISMIS thinks you said 'film kati kati samachar naksha'
Fri Jan 24 15:56:20 2020 DISMIS thinks you said 'chhalakta'
Fri Jan 24 15:56:29 2020 DISMIS thinks you said 'tirupati mantra'
Fri Jan 24 15:56:29 2020 DISMIS thinks you said 'tirupati mantra'
Fri Jan 24 15:56:30 2020 DISMIS thinks you said 'tirupati mantra'
Fri Jan 24 15:56:45 2020 DISMIS thinks you said 'mujhe'
Fri Jan 24 15:56:45 2020 DISMIS thinks you said 'mujhe'
Fri Jan 24 15:56:49 2020 DISMIS thinks you said 'girls game'
Fri Jan 24 15:56:49 2020 DISMIS thinks you said 'girls game'
Fri Jan 24 15:56:50 2020 DISMIS thinks you said 'my heart to the outer worlds'
Fri Jan 24 15:57:54 2020 DISMIS thinks you said 'ki pata likho'
Fri Jan 24 15:57:54 2020 DISMIS thinks you said 'ki pathri ko'
Fri Jan 24 15:57:55 2020 DISMIS thinks you said 'ki pathri ko'
Fri Jan 24 15:58:10 2020 DISMIS thinks you said 'listen of'
Fri Jan 24 15:58:10 2020 DISMIS thinks you said 'listen of'
Fri Jan 24 15:58:16 2020 DISMIS thinks you said 'a jana bata sakta hai'
Fri Jan 24 15:58:31 2020 DISMIS thinks you said 'gazal'
Fri Jan 24 15:58:31 2020 DISMIS thinks you said 'the foundation lagaya hai'
Fri Jan 24 15:58:31 2020 DISMIS thinks you said 'foundation kaise lagaye'
Fri Jan 24 15:59:06 2020 DISMIS thinks you said 'bolane ka chunav'
Fri Jan 24 15:59:07 2020 DISMIS thinks you said 'bolane ka chunav'
Fri Jan 24 15:59:07 2020 DISMIS thinks you said 'bolane ka chunav'
Fri Jan 24 15:59:22 2020 DISMIS thinks you said 'rocket'
Fri Jan 24 15:59:22 2020 DISMIS thinks you said 'rocket'
Fri Jan 24 15:59:41 2020 DISMIS thinks you said 'kartana'
Fri Jan 24 15:59:41 2020 DISMIS thinks you said 'kartana'
Fri Jan 24 15:59:42 2020 DISMIS thinks you said 'kartana'
Fri Jan 24 15:59:49 2020 DISMIS thinks you said 'kareena kareena'
Fri Jan 24 15:59:57 2020 DISMIS thinks you said 'natak'
Fri Jan 24 15:59:57 2020 DISMIS thinks you said 'brewmaster'
Fri Jan 24 15:59:57 2020 DISMIS thinks you said 'natak'
Fri Jan 24 16:00:11 2020 DISMIS thinks you said 'tata time satta'
Fri Jan 24 16:00:12 2020 DISMIS thinks you said 'time satta'
Fri Jan 24 16:00:12 2020 DISMIS thinks you said 'vidmate apps'
Fri Jan 24 16:00:28 2020 DISMIS thinks you said 'manju gowda'
Fri Jan 24 16:00:28 2020 DISMIS thinks you said 'manju gowda'
Fri Jan 24 16:00:28 2020 DISMIS thinks you said 'manju gowda'
Fri Jan 24 16:01:30 2020 DISMIS thinks you said 'ticketees'
Fri Jan 24 16:02:26 2020 DISMIS thinks you said 'love you'
Fri Jan 24 16:02:26 2020 DISMIS thinks you said 'uncle love you'
Fri Jan 24 16:02:26 2020 DISMIS thinks you said 'i am gonna love you'
Fri Jan 24 16:02:26 2020 DISMIS thinks you said 'anjana love you'
Fri Jan 24 16:11:04 2020 DISMIS thinks you said 'tera'
Fri Jan 24 16:12:06 2020 DISMIS thinks you said 'jiya'
Fri Jan 24 16:12:13 2020 DISMIS thinks you said 'open github'
Fri Jan 24 16:13:21 2020 DISMIS thinks you said 'meaning'
Fri Jan 24 16:14:45 2020 DISMIS thinks you said 'kerala lottery'
Fri Jan 24 16:15:02 2020 DISMIS thinks you said 'chalo na please'
Fri Jan 24 16:18:56 2020 DISMIS thinks you said 'terracotta'
Fri Jan 24 16:19:12 2020 DISMIS thinks you said 'patana'
Fri Jan 24 16:19:21 2020 DISMIS thinks you said 'aankhen'
Fri Jan 24 16:19:30 2020 DISMIS thinks you said 'call prasad'
Fri Jan 24 16:19:54 2020 DISMIS thinks you said 'kigali time'
Fri Jan 24 16:20:02 2020 DISMIS thinks you said 'rajasthan'
Fri Jan 24 16:20:26 2020 DISMIS thinks you said 'telephone conversation'
Fri Jan 24 16:20:34 2020 DISMIS thinks you said 'c minor phone call record'
Fri Jan 24 16:20:59 2020 DISMIS thinks you said 'money symbol'
Fri Jan 24 16:21:10 2020 DISMIS thinks you said 'comedy'
Fri Jan 24 16:21:49 2020 DISMIS thinks you said 'trouser'
Fri Jan 24 16:22:11 2020 DISMIS thinks you said 'personal personality'
Fri Jan 24 16:22:19 2020 DISMIS thinks you said 'utha'
Fri Jan 24 16:22:28 2020 DISMIS thinks you said 'how to learn how to layout'
Fri Jan 24 16:23:07 2020 DISMIS thinks you said 'dj'
Fri Jan 24 16:23:44 2020 DISMIS thinks you said 'bataya tha'
Fri Jan 24 16:24:51 2020 DISMIS thinks you said 'free'
Fri Jan 24 16:24:59 2020 DISMIS thinks you said 'cricbuzz'
Fri Jan 24 16:25:07 2020 DISMIS thinks you said 'kukura'
Fri Jan 24 16:25:28 2020 DISMIS thinks you said 'cricket'
Fri Jan 24 16:25:37 2020 DISMIS thinks you said 'sarguja jile mein parikshan'
Fri Jan 24 16:25:45 2020 DISMIS thinks you said 'samsung'
Fri Jan 24 16:26:00 2020 DISMIS thinks you said 'krishna'
Fri Jan 24 16:26:34 2020 DISMIS thinks you said 'k'
Fri Jan 24 16:26:42 2020 DISMIS thinks you said 'nirvachan'
Fri Jan 24 16:27:19 2020 DISMIS thinks you said 'prithviraj'
Fri Jan 24 16:27:27 2020 DISMIS thinks you said 'kids video song download'
Fri Jan 24 16:27:51 2020 DISMIS thinks you said 'jatt koka'
Fri Jan 24 16:28:31 2020 DISMIS thinks you said 'a gai purani gadi'
Fri Jan 24 16:28:41 2020 DISMIS thinks you said 'campmonk'
Fri Jan 24 16:28:56 2020 DISMIS thinks you said 'coffee girl'
Fri Jan 24 16:29:05 2020 DISMIS thinks you said 'i love you'
Fri Jan 24 20:17:07 2020 DISMIS thinks you said 'ok'
Fri Jan 24 20:17:16 2020 DISMIS thinks you said 'open facebook'
Fri Jan 24 20:17:45 2020 DISMIS thinks you said 'abhi'
Fri Jan 24 20:18:13 2020 DISMIS thinks you said 'set the volume at 0%'
Fri Jan 24 20:19:01 2020 DISMIS thinks you said 'fifa 16'
Fri Jan 24 20:19:10 2020 DISMIS thinks you said 'in marathi'
Fri Jan 24 20:19:19 2020 DISMIS thinks you said 'mira nair'
Fri Jan 24 20:19:27 2020 DISMIS thinks you said 'novi'
Fri Jan 24 20:19:49 2020 DISMIS thinks you said 'loha'
Fri Jan 24 20:20:21 2020 DISMIS thinks you said 'fauji nahin karti'
Fri Jan 24 20:21:15 2020 DISMIS thinks you said 'pictures of'
Fri Jan 24 20:21:24 2020 DISMIS thinks you said 'skylake'
Fri Jan 24 20:21:34 2020 DISMIS thinks you said 'number number'
Fri Jan 24 20:21:48 2020 DISMIS thinks you said '9'
Fri Jan 24 20:22:28 2020 DISMIS thinks you said 'reena chaudhari'
Fri Jan 24 20:22:43 2020 DISMIS thinks you said 'salman khan ke'
Fri Jan 24 20:22:51 2020 DISMIS thinks you said 'mobile'
Fri Jan 24 20:22:59 2020 DISMIS thinks you said 'parmeshwar'
Fri Jan 24 20:23:34 2020 DISMIS thinks you said 'hello neighbour'
Fri Jan 24 20:23:50 2020 DISMIS thinks you said 'lucky patcher new version'
Fri Jan 24 20:23:57 2020 DISMIS thinks you said 'opposite'
Fri Jan 24 20:24:20 2020 DISMIS thinks you said 'yo yo'
Fri Jan 24 20:24:28 2020 DISMIS thinks you said 'kamal singh'
Fri Jan 24 20:24:37 2020 DISMIS thinks you said 'achcha'
Fri Jan 24 20:24:48 2020 DISMIS thinks you said '7776 dollar conversion'
Fri Jan 24 20:25:22 2020 DISMIS thinks you said 'dinosaur'
Fri Jan 24 20:25:47 2020 DISMIS thinks you said 'brock lesnar'
Fri Jan 24 20:25:55 2020 DISMIS thinks you said 'group mein'
Fri Jan 24 20:27:47 2020 DISMIS thinks you said 'express'
Fri Jan 24 20:28:27 2020 DISMIS thinks you said 'krishna'
Fri Jan 24 20:28:35 2020 DISMIS thinks you said 'set the volume at 50%'
Fri Jan 24 20:28:46 2020 DISMIS thinks you said 'balance'
Fri Jan 24 20:29:20 2020 DISMIS thinks you said 'input device'
Fri Jan 24 20:30:20 2020 DISMIS thinks you said 'ok'
Fri Jan 24 20:30:44 2020 DISMIS thinks you said 'mere piche badhana'
Fri Jan 24 20:31:38 2020 DISMIS thinks you said 'yellow bhai'
Fri Jan 24 20:32:34 2020 DISMIS thinks you said 'laptop tanisha tanisha'
Fri Jan 24 20:32:50 2020 DISMIS thinks you said 'typing karne'
Fri Jan 24 20:34:32 2020 DISMIS thinks you said 'inter ka result'
Fri Jan 24 20:41:05 2020 DISMIS thinks you said 'dada'
Fri Jan 24 20:49:44 2020 DISMIS thinks you said 'beauty'
Fri Jan 24 20:50:01 2020 DISMIS thinks you said '120000'
Fri Jan 24 20:50:41 2020 DISMIS thinks you said 'lorry driver'
Fri Jan 24 20:50:50 2020 DISMIS thinks you said 'laughter challenge'
Fri Jan 24 20:51:24 2020 DISMIS thinks you said 'check net speed'
Fri Jan 24 20:51:33 2020 DISMIS thinks you said 'open fast'
Sat Jan 25 08:55:26 2020 DISMIS thinks you said 'pantpradhan yojana'
Sat Jan 25 08:55:46 2020 DISMIS thinks you said 'kalyn nicholson'
Sat Jan 25 08:58:53 2020 DISMIS thinks you said 'vijay naik'
Sat Jan 25 09:03:35 2020 DISMIS thinks you said 'sushmita sushmita'
Sat Jan 25 09:03:57 2020 DISMIS thinks you said 'are'
Sat Jan 25 09:04:06 2020 DISMIS thinks you said 'kalidas'
Sat Jan 25 09:04:14 2020 DISMIS thinks you said 'lala'
Sat Jan 25 16:55:36 2020 DISMIS thinks you said 'sorry'
Sat Jan 25 16:55:44 2020 DISMIS thinks you said '10 12345678 910'
Sat Jan 25 16:55:51 2020 DISMIS thinks you said '4567890'
Sat Jan 25 16:56:05 2020 DISMIS thinks you said 'game'
Sat Jan 25 16:56:20 2020 DISMIS thinks you said 'games'
Sat Jan 25 16:56:34 2020 DISMIS thinks you said 'happy birthday to you mad'
Sat Jan 25 16:56:42 2020 DISMIS thinks you said 'hanuman ji ki'
Sat Jan 25 16:56:45 2020 DISMIS thinks you said 'isa masih'
Sat Jan 25 16:56:49 2020 DISMIS thinks you said 'the bodyguard'
Sat Jan 25 16:56:53 2020 DISMIS thinks you said 'bengali'
Sat Jan 25 16:56:58 2020 DISMIS thinks you said 'bengali bhajan'
Sat Jan 25 16:58:03 2020 DISMIS thinks you said 'hindi'
Sat Jan 25 16:58:21 2020 DISMIS thinks you said 'hello hello'
Sat Jan 25 16:58:23 2020 DISMIS thinks you said 'hello hello'
Sat Jan 25 16:58:44 2020 DISMIS thinks you said 'uc browser apps'
Sat Jan 25 16:58:44 2020 DISMIS thinks you said 'uc browser apps'
Sat Jan 25 16:58:48 2020 DISMIS thinks you said 'pihu koti all of this office and then i tell you to tell her'
Sat Jan 25 16:58:52 2020 DISMIS thinks you said 'to tell her new names of shiva'
Sat Jan 25 16:58:53 2020 DISMIS thinks you said 'new names of shiva'
Sat Jan 25 16:58:57 2020 DISMIS thinks you said 'nobita'
Sat Jan 25 16:59:01 2020 DISMIS thinks you said 'nobita limbu'
Sat Jan 25 16:59:21 2020 DISMIS thinks you said 'awesome awesome'
Sat Jan 25 16:59:22 2020 DISMIS thinks you said 'awesome awesome'
Sat Jan 25 16:59:22 2020 DISMIS thinks you said 'awesome awesome'
Sat Jan 25 16:59:50 2020 DISMIS thinks you said 'mile ho'
Sat Jan 25 16:59:50 2020 DISMIS thinks you said 'youtube youtube'
Sat Jan 25 16:59:50 2020 DISMIS thinks you said 'himalaya youth eternity'
Sat Jan 25 17:00:26 2020 DISMIS thinks you said 'computer'
Sat Jan 25 17:00:27 2020 DISMIS thinks you said 'computer'
Sat Jan 25 17:00:28 2020 DISMIS thinks you said 'new'
Sat Jan 25 17:00:43 2020 DISMIS thinks you said 'dates from iraq'
Sat Jan 25 17:00:58 2020 DISMIS thinks you said 'jain mandir'
Sat Jan 25 17:01:06 2020 DISMIS thinks you said 'sweet'
Sat Jan 25 17:01:08 2020 DISMIS thinks you said 'shahid'
Sat Jan 25 17:01:09 2020 DISMIS thinks you said 'shahid'
Sat Jan 25 17:01:49 2020 DISMIS thinks you said 'pune'
Sat Jan 25 17:02:16 2020 DISMIS thinks you said 'download'
Sat Jan 25 17:04:37 2020 DISMIS thinks you said 'costco'
Sat Jan 25 17:04:40 2020 DISMIS thinks you said 'costco'
Sat Jan 25 17:04:41 2020 DISMIS thinks you said 'costco'
Sat Jan 25 17:04:55 2020 DISMIS thinks you said 'latest generation'
Sat Jan 25 17:04:56 2020 DISMIS thinks you said 'generation'
Sat Jan 25 17:04:59 2020 DISMIS thinks you said 'khatra rasiya'
Sat Jan 25 17:05:04 2020 DISMIS thinks you said 'baitha bandar mama'
Sat Jan 25 17:05:06 2020 DISMIS thinks you said 'baitha bandar mama'
Sat Jan 25 17:05:18 2020 DISMIS thinks you said 'sohail khan'
Sat Jan 25 17:09:46 2020 DISMIS thinks you said 'search'
Sat Jan 25 17:09:45 2020 DISMIS thinks you said 'search baby'
Sat Jan 25 17:09:45 2020 DISMIS thinks you said 'search baby'
Sat Jan 25 17:11:01 2020 DISMIS thinks you said 'asus'
Sat Jan 25 17:11:01 2020 DISMIS thinks you said 'asus'
Sat Jan 25 17:11:02 2020 DISMIS thinks you said 'asus'
Sat Jan 25 17:11:15 2020 DISMIS thinks you said 'jabalpur'
Sat Jan 25 17:11:15 2020 DISMIS thinks you said 'jabalpur'
Sat Jan 25 17:11:17 2020 DISMIS thinks you said 'jabalpur'
Sat Jan 25 17:11:24 2020 DISMIS thinks you said 'bhajan'
Sat Jan 25 17:12:21 2020 DISMIS thinks you said 'video'
Sat Jan 25 17:12:21 2020 DISMIS thinks you said 'video'
Sat Jan 25 17:12:21 2020 DISMIS thinks you said 'video'
Sat Jan 25 17:12:37 2020 DISMIS thinks you said 'baba'
Sat Jan 25 17:15:35 2020 DISMIS thinks you said 'photo'
Sat Jan 25 17:15:44 2020 DISMIS thinks you said 'permission namit'
Sat Jan 25 17:16:01 2020 DISMIS thinks you said 'delete'
Sat Jan 25 17:16:13 2020 DISMIS thinks you said 'johny johny'
Sat Jan 25 17:19:23 2020 DISMIS thinks you said 'teri'
Sat Jan 25 17:19:38 2020 DISMIS thinks you said 'lucknow'
Sat Jan 25 17:19:59 2020 DISMIS thinks you said 'namaste'
Sat Jan 25 17:21:29 2020 DISMIS thinks you said 'ajay'
Sat Jan 25 17:22:45 2020 DISMIS thinks you said 'kamachi'
Sat Jan 25 17:22:52 2020 DISMIS thinks you said 'download'
Sat Jan 25 17:23:27 2020 DISMIS thinks you said 'greeting card banana'
Sat Jan 25 17:23:35 2020 DISMIS thinks you said 'samsung'
Sat Jan 25 17:23:51 2020 DISMIS thinks you said 'vena cava'
Sat Jan 25 17:24:01 2020 DISMIS thinks you said 'dinosaur'
Sat Jan 25 17:24:08 2020 DISMIS thinks you said 'coffee time'
Sat Jan 25 17:25:22 2020 DISMIS thinks you said 'badal dj'
Sat Jan 25 17:25:50 2020 DISMIS thinks you said 'kushal ki'
Sat Jan 25 17:26:17 2020 DISMIS thinks you said 'samsung j7'
Sat Jan 25 17:27:17 2020 DISMIS thinks you said 'minute'
Sat Jan 25 17:27:56 2020 DISMIS thinks you said 'movie hindi'
Sat Jan 25 17:28:17 2020 DISMIS thinks you said 'images'
Sat Jan 25 17:28:43 2020 DISMIS thinks you said 'shukriya'
Sat Jan 25 17:29:11 2020 DISMIS thinks you said 'bhavya'
Sat Jan 25 17:29:33 2020 DISMIS thinks you said 'doraemon'
Sat Jan 25 17:30:13 2020 DISMIS thinks you said 'coffee cup'
Sat Jan 25 17:30:28 2020 DISMIS thinks you said 'vinod'
Sat Jan 25 17:31:28 2020 DISMIS thinks you said 'sugar'
Sat Jan 25 17:31:36 2020 DISMIS thinks you said 'shubham shubham'
Sat Jan 25 17:32:09 2020 DISMIS thinks you said 'project'
Sat Jan 25 17:32:17 2020 DISMIS thinks you said 'sugar ke chini chini chini'
Sat Jan 25 17:34:33 2020 DISMIS thinks you said 'tension'
Sat Jan 25 17:34:41 2020 DISMIS thinks you said 'youtube'
Sat Jan 25 17:35:02 2020 DISMIS thinks you said 'abcd'
Sat Jan 25 17:35:16 2020 DISMIS thinks you said 'anarchy'
Sat Jan 25 17:36:32 2020 DISMIS thinks you said 'like me'
Sat Jan 25 17:36:40 2020 DISMIS thinks you said 'i like you only'
Sat Jan 25 17:36:48 2020 DISMIS thinks you said 'h a friend'
Sat Jan 25 17:37:16 2020 DISMIS thinks you said 'cricket score'
Sat Jan 25 17:37:23 2020 DISMIS thinks you said 'budhana'
Sat Jan 25 17:38:04 2020 DISMIS thinks you said 'matar'
Sat Jan 25 17:38:12 2020 DISMIS thinks you said 'khulegi mataki'
Sat Jan 25 17:38:27 2020 DISMIS thinks you said 'maruti suzuki'
Sat Jan 25 17:38:41 2020 DISMIS thinks you said 'nickname'
Sat Jan 25 17:38:56 2020 DISMIS thinks you said 'anish'
Sat Jan 25 17:39:05 2020 DISMIS thinks you said 'ki gussa'
Sat Jan 25 17:39:32 2020 DISMIS thinks you said 'laptop'
Sat Jan 25 17:40:22 2020 DISMIS thinks you said 'office ka kaam na'
Sat Jan 25 17:40:44 2020 DISMIS thinks you said 'shri soni'
Sat Jan 25 17:41:05 2020 DISMIS thinks you said 'cake'
Sat Jan 25 17:41:13 2020 DISMIS thinks you said 'stitches'
Sat Jan 25 17:41:55 2020 DISMIS thinks you said 'name'
Sat Jan 25 17:42:46 2020 DISMIS thinks you said 'businessman 2'
Sat Jan 25 17:43:16 2020 DISMIS thinks you said '30'
Sat Jan 25 17:43:31 2020 DISMIS thinks you said 'mera mobile big hindi'
Sat Jan 25 17:43:59 2020 DISMIS thinks you said 'adventureland'
Sat Jan 25 17:44:08 2020 DISMIS thinks you said 'mushkil asan tarika'
Sat Jan 25 17:44:15 2020 DISMIS thinks you said 'amritvani'
Sat Jan 25 17:44:37 2020 DISMIS thinks you said 'mummy sab bhajan'
Sat Jan 25 17:45:26 2020 DISMIS thinks you said 'ou laptop'
Sat Jan 25 17:46:19 2020 DISMIS thinks you said 'bigg boss'
Sat Jan 25 17:46:48 2020 DISMIS thinks you said 'awesome machi'
Sat Jan 25 17:47:16 2020 DISMIS thinks you said 'thank you'
Sat Jan 25 17:47:38 2020 DISMIS thinks you said 'login'
Sat Jan 25 17:47:46 2020 DISMIS thinks you said 'address of phone number'
Sat Jan 25 17:47:53 2020 DISMIS thinks you said 'didi'
Sat Jan 25 17:48:02 2020 DISMIS thinks you said 'yuvan'
Sat Jan 25 17:48:17 2020 DISMIS thinks you said 'muzaffarnagar'
Sat Jan 25 17:48:44 2020 DISMIS thinks you said 'shiva'
Sat Jan 25 17:48:51 2020 DISMIS thinks you said 'mobile number'
Sat Jan 25 17:49:25 2020 DISMIS thinks you said '50 notification'
Sat Jan 25 17:50:19 2020 DISMIS thinks you said 'hurt'
Sat Jan 25 17:50:28 2020 DISMIS thinks you said 'pyar humko video'
Sat Jan 25 17:51:26 2020 DISMIS thinks you said 'tatha'
Sat Jan 25 17:51:40 2020 DISMIS thinks you said 'second timer'
Sat Jan 25 17:52:29 2020 DISMIS thinks you said 'nobita naya model'
Sat Jan 25 17:52:37 2020 DISMIS thinks you said 'tukadoji dinon ki photo'
Sat Jan 25 17:52:45 2020 DISMIS thinks you said 'love you'
Sun Jan 26 21:36:19 2020 DISMIS thinks you said 'chennai'
Sun Jan 26 21:38:27 2020 DISMIS thinks you said '15'
Sun Jan 26 21:51:45 2020 DISMIS thinks you said 'femina'
Sun Jan 26 23:42:07 2020 DISMIS thinks you said 'spinner'
Sun Jan 26 23:42:22 2020 DISMIS thinks you said 'ants'
Sun Jan 26 23:42:29 2020 DISMIS thinks you said 'china'
Sun Jan 26 23:42:44 2020 DISMIS thinks you said 'call karo'
Mon Jan 27 00:26:02 2020 DISMIS thinks you said 'rangeela'
Mon Jan 27 06:55:00 2020 DISMIS thinks you said 'english film'
Mon Jan 27 06:55:32 2020 DISMIS thinks you said 'chin'
Mon Jan 27 06:55:47 2020 DISMIS thinks you said 'film phoolan phoolan'
Mon Jan 27 06:55:54 2020 DISMIS thinks you said 'full'
Mon Jan 27 06:56:02 2020 DISMIS thinks you said 'yeah video'
Mon Jan 27 06:56:10 2020 DISMIS thinks you said 'harry potter in hindi'
Mon Jan 27 06:56:45 2020 DISMIS thinks you said 'vinod'
Mon Jan 27 06:56:53 2020 DISMIS thinks you said 'wwe surat'
Mon Jan 27 06:57:49 2020 DISMIS thinks you said 'stop it'
Mon Jan 27 06:58:09 2020 DISMIS thinks you said 'naina'
Mon Jan 27 06:58:30 2020 DISMIS thinks you said 'anything'
Mon Jan 27 06:58:45 2020 DISMIS thinks you said 'chocolate chips'
Mon Jan 27 06:58:59 2020 DISMIS thinks you said 'mum'
Mon Jan 27 06:59:07 2020 DISMIS thinks you said 'aladdin'
Mon Jan 27 07:05:57 2020 DISMIS thinks you said 'diana penty'
Mon Jan 27 20:13:11 2020 DISMIS thinks you said 'happy happy'
Mon Jan 27 20:13:18 2020 DISMIS thinks you said 'china'
Mon Jan 27 20:13:47 2020 DISMIS thinks you said 'kannu rendum'
Mon Jan 27 20:14:13 2020 DISMIS thinks you said 'price'
Mon Jan 27 20:14:28 2020 DISMIS thinks you said 'yajaman jalandhar'
Mon Jan 27 20:14:37 2020 DISMIS thinks you said 'symbol'
Mon Jan 27 20:15:31 2020 DISMIS thinks you said 'which state of india'
Mon Jan 27 20:15:45 2020 DISMIS thinks you said 'youtube'
Mon Jan 27 20:15:55 2020 DISMIS thinks you said 'instagram'
Mon Jan 27 20:16:03 2020 DISMIS thinks you said 'mustafa'
Mon Jan 27 20:16:51 2020 DISMIS thinks you said 'murder 2'
Mon Jan 27 20:17:57 2020 DISMIS thinks you said 'gorilla'
Mon Jan 27 20:18:13 2020 DISMIS thinks you said 'ghost'
Mon Jan 27 20:34:42 2020 DISMIS thinks you said 'disco solution'
Mon Jan 27 20:45:08 2020 DISMIS thinks you said 'shruti raja'
Mon Jan 27 20:45:23 2020 DISMIS thinks you said 'synonym'
Mon Jan 27 20:45:59 2020 DISMIS thinks you said 'sapna'
Mon Jan 27 20:59:19 2020 DISMIS thinks you said 'lyrics'
Mon Jan 27 21:02:32 2020 DISMIS thinks you said 'marathi'
Mon Jan 27 21:20:24 2020 DISMIS thinks you said 'oggy cartoon'
Mon Jan 27 21:24:56 2020 DISMIS thinks you said 'parasitic fungi'
Mon Jan 27 21:25:45 2020 DISMIS thinks you said 'mobile'
Mon Jan 27 21:26:00 2020 DISMIS thinks you said '00'
Mon Jan 27 21:26:02 2020 DISMIS thinks you said '00'
Mon Jan 27 21:28:52 2020 DISMIS thinks you said 'hanuman ki'
Mon Jan 27 21:30:20 2020 DISMIS thinks you said 'matrimony'
Mon Jan 27 23:35:25 2020 DISMIS thinks you said 'niraj nirala ke'
Mon Jan 27 23:35:34 2020 DISMIS thinks you said 'channa mereya'
Mon Jan 27 23:35:42 2020 DISMIS thinks you said 'saina film'
Mon Jan 27 23:35:49 2020 DISMIS thinks you said 'robot film robot'
Mon Jan 27 23:36:23 2020 DISMIS thinks you said 'kaun'
Mon Jan 27 23:36:31 2020 DISMIS thinks you said 'music'
Mon Jan 27 23:37:28 2020 DISMIS thinks you said 'decametre'
Mon Jan 27 23:37:42 2020 DISMIS thinks you said 'bijwasan'
Mon Jan 27 23:37:51 2020 DISMIS thinks you said 'abhishek and kabir singh'
Mon Jan 27 23:37:57 2020 DISMIS thinks you said 'gopichand'
Mon Jan 27 23:38:05 2020 DISMIS thinks you said 'vitamin'
Mon Jan 27 23:38:20 2020 DISMIS thinks you said 'predator 2018'
Mon Jan 27 23:38:28 2020 DISMIS thinks you said 'yaarana'
Mon Jan 27 23:38:55 2020 DISMIS thinks you said 'information'
Mon Jan 27 23:39:02 2020 DISMIS thinks you said 'conjuring'
Mon Jan 27 23:39:23 2020 DISMIS thinks you said 'sweetheart show'
Mon Jan 27 23:39:49 2020 DISMIS thinks you said 'ladki ki creatures nikali'
Mon Jan 27 23:40:13 2020 DISMIS thinks you said 'china china'
Mon Jan 27 23:40:24 2020 DISMIS thinks you said 'kanchana'
Mon Jan 27 23:40:37 2020 DISMIS thinks you said 'orissa'
Mon Jan 27 23:40:45 2020 DISMIS thinks you said 'fear files'
Mon Jan 27 23:40:58 2020 DISMIS thinks you said 'download kar man'
Mon Jan 27 23:41:13 2020 DISMIS thinks you said 'funny'
Mon Jan 27 23:41:27 2020 DISMIS thinks you said 'gangasagar'
Mon Jan 27 23:41:41 2020 DISMIS thinks you said 'window inner'
Mon Jan 27 23:42:22 2020 DISMIS thinks you said 'itna'
Mon Jan 27 23:42:33 2020 DISMIS thinks you said 'anniversary'
Mon Jan 27 23:42:38 2020 DISMIS thinks you said 'sound sound'
Mon Jan 27 23:42:52 2020 DISMIS thinks you said 'deewana kar raha hai'
Mon Jan 27 23:43:27 2020 DISMIS thinks you said '3m'
Mon Jan 27 23:43:41 2020 DISMIS thinks you said 'nagin'
Mon Jan 27 23:43:55 2020 DISMIS thinks you said 'timberland'
Mon Jan 27 23:44:03 2020 DISMIS thinks you said 'vichar'
Mon Jan 27 23:44:11 2020 DISMIS thinks you said 'dhanteras'
Mon Jan 27 23:44:44 2020 DISMIS thinks you said 'monitor'
Mon Jan 27 23:45:04 2020 DISMIS thinks you said 'ghatna'
Mon Jan 27 23:45:12 2020 DISMIS thinks you said 'south indian'
Mon Jan 27 23:45:20 2020 DISMIS thinks you said 'in hindi likh rahe'
Wed Jan 29 18:37:16 2020 DISMIS thinks you said 'hello'
Wed Jan 29 18:37:24 2020 DISMIS thinks you said 'good morning'
Wed Jan 29 18:38:16 2020 DISMIS thinks you said 'good night'
Wed Jan 29 18:38:25 2020 DISMIS thinks you said 'good evening'
Wed Jan 29 18:40:55 2020 DISMIS thinks you said 'good night'
Wed Jan 29 18:43:27 2020 DISMIS thinks you said 'good afternoon'
Wed Jan 29 18:44:54 2020 DISMIS thinks you said 'guru'
Wed Jan 29 18:45:02 2020 DISMIS thinks you said 'good evening'
Wed Jan 29 18:48:06 2020 DISMIS thinks you said 'good evening'
Wed Jan 29 18:49:29 2020 DISMIS thinks you said 'how are you'
Wed Jan 29 18:49:51 2020 DISMIS thinks you said 'how are you'
Wed Jan 29 18:50:20 2020 DISMIS thinks you said 'good evening'
Wed Jan 29 18:51:16 2020 DISMIS thinks you said 'good evening'
Wed Jan 29 18:52:28 2020 DISMIS thinks you said 'good afternoon'
Thu Jan 30 09:26:21 2020 DISMIS thinks you said 'film'
Thu Jan 30 09:26:29 2020 DISMIS thinks you said 'you like'
Thu Jan 30 09:26:38 2020 DISMIS thinks you said 'study'
Thu Jan 30 09:26:46 2020 DISMIS thinks you said 'boom'
Thu Jan 30 09:26:54 2020 DISMIS thinks you said 'close chrome'
Thu Jan 30 09:27:50 2020 DISMIS thinks you said 'kundali bhagya'
Thu Jan 30 09:28:19 2020 DISMIS thinks you said 'devta'
Thu Jan 30 09:28:54 2020 DISMIS thinks you said 'bhajan'
Thu Jan 30 09:29:17 2020 DISMIS thinks you said 'account'
Thu Jan 30 09:29:47 2020 DISMIS thinks you said 'hello google'
Thu Jan 30 09:30:02 2020 DISMIS thinks you said 'image'
Thu Jan 30 09:30:10 2020 DISMIS thinks you said 'face white hone ki sthiti'
Thu Jan 30 09:30:25 2020 DISMIS thinks you said 'lava cake recipe'
Thu Jan 30 09:30:40 2020 DISMIS thinks you said 'bhajan'
Thu Jan 30 09:30:49 2020 DISMIS thinks you said 'bismillah'
Thu Jan 30 09:30:57 2020 DISMIS thinks you said 'navratri dp'
Thu Jan 30 09:31:13 2020 DISMIS thinks you said 'deccan means'
Thu Jan 30 09:31:22 2020 DISMIS thinks you said 'yah matlab'
Thu Jan 30 09:31:36 2020 DISMIS thinks you said 'nangi picture'
Thu Jan 30 09:31:43 2020 DISMIS thinks you said 'vidmate'
Thu Jan 30 09:31:52 2020 DISMIS thinks you said 'house'
Thu Jan 30 09:32:28 2020 DISMIS thinks you said 'hhhh'
Thu Jan 30 09:32:50 2020 DISMIS thinks you said 'marble'
Thu Jan 30 09:34:05 2020 DISMIS thinks you said 'man'
Thu Jan 30 09:34:41 2020 DISMIS thinks you said 'close chrome'
Thu Jan 30 09:34:56 2020 DISMIS thinks you said 'bus'
Thu Jan 30 09:35:34 2020 DISMIS thinks you said 'tv serial 1 november'
Thu Jan 30 09:36:11 2020 DISMIS thinks you said 'manjil'
Thu Jan 30 09:36:20 2020 DISMIS thinks you said 'chitale'
Thu Jan 30 09:36:49 2020 DISMIS thinks you said 'original phone'
Thu Jan 30 09:36:57 2020 DISMIS thinks you said 'this is'
Thu Jan 30 09:37:06 2020 DISMIS thinks you said 'kilometre'
Thu Jan 30 09:37:49 2020 DISMIS thinks you said 'sultan ke gane'
Thu Jan 30 09:38:34 2020 DISMIS thinks you said 'jay hanuman'
Thu Jan 30 09:39:55 2020 DISMIS thinks you said 'mahatma gandhi'
Thu Jan 30 09:40:31 2020 DISMIS thinks you said 'mama'
Thu Jan 30 09:40:46 2020 DISMIS thinks you said 'jisne'
Thu Jan 30 09:40:54 2020 DISMIS thinks you said 'mamas boy'
Thu Jan 30 09:41:02 2020 DISMIS thinks you said 'kanke dam'
Thu Jan 30 09:41:10 2020 DISMIS thinks you said 'ki diye'
Thu Jan 30 09:41:25 2020 DISMIS thinks you said 'movie'
Thu Jan 30 09:41:33 2020 DISMIS thinks you said 'mobile'
Thu Jan 30 09:42:22 2020 DISMIS thinks you said 'pictures of wonderla'
Thu Jan 30 09:43:11 2020 DISMIS thinks you said 'wedding of china'
Thu Jan 30 09:43:26 2020 DISMIS thinks you said 'whatsapp image'
Thu Jan 30 09:44:02 2020 DISMIS thinks you said 'sana'
Thu Jan 30 09:44:10 2020 DISMIS thinks you said 'muslim'
Thu Jan 30 09:44:40 2020 DISMIS thinks you said 'hey dude'
Thu Jan 30 09:44:55 2020 DISMIS thinks you said 'marwadi video maro'
Thu Jan 30 09:45:37 2020 DISMIS thinks you said 'tere naam'
Thu Jan 30 09:46:02 2020 DISMIS thinks you said 'prithvi ka tapman'
Thu Jan 30 09:46:12 2020 DISMIS thinks you said 'click to the count of the exhibit'
Thu Jan 30 09:46:35 2020 DISMIS thinks you said 'luxury'
Thu Jan 30 09:46:56 2020 DISMIS thinks you said 'reshma ki jawani'
Thu Jan 30 09:47:11 2020 DISMIS thinks you said 'tamang'
Thu Jan 30 09:47:19 2020 DISMIS thinks you said 'bhavna bhavna'
Thu Jan 30 09:47:35 2020 DISMIS thinks you said 'tvk soundarajan ke tevar'
Thu Jan 30 09:48:03 2020 DISMIS thinks you said 'puja ghar ka saraswati puja'
Thu Jan 30 09:48:31 2020 DISMIS thinks you said 'action'
Thu Jan 30 09:49:32 2020 DISMIS thinks you said 'girlfriend ko'
Thu Jan 30 09:49:41 2020 DISMIS thinks you said 'student bf boy funny whatsapp'
Thu Jan 30 09:49:48 2020 DISMIS thinks you said 'billa'
Thu Jan 30 09:49:54 2020 DISMIS thinks you said 'pura naam'
Thu Jan 30 09:50:02 2020 DISMIS thinks you said 'recycle'
Thu Jan 30 09:56:07 2020 DISMIS thinks you said 'answer'
Thu Jan 30 09:56:15 2020 DISMIS thinks you said 'open facebook'
Thu Jan 30 10:12:11 2020 DISMIS thinks you said 'eyebrow off'
Fri Jan 31 10:25:56 2020 DISMIS thinks you said 'good morning'
Fri Jan 31 10:26:14 2020 DISMIS thinks you said 'raja'
Fri Jan 31 10:26:27 2020 DISMIS thinks you said 'something'
Fri Jan 31 10:28:12 2020 DISMIS thinks you said 'good morning'
Fri Jan 31 10:38:11 2020 DISMIS thinks you said 'good morning'
Fri Jan 31 10:41:38 2020 DISMIS thinks you said 'good morning'
Fri Jan 31 10:44:08 2020 DISMIS thinks you said 'good morning'
Fri Jan 31 10:47:05 2020 DISMIS thinks you said 'good morning'
Fri Jan 31 10:47:59 2020 DISMIS thinks you said 'set another word'
Fri Jan 31 10:52:08 2020 DISMIS thinks you said 'good morning'
Fri Jan 31 10:57:28 2020 DISMIS thinks you said 'good morning'
Fri Jan 31 10:59:03 2020 DISMIS thinks you said 'good morning'
Fri Jan 31 11:04:28 2020 DISMIS thinks you said 'good morning'
Fri Jan 31 11:16:39 2020 DISMIS thinks you said 'good morning'
Fri Jan 31 11:18:03 2020 DISMIS thinks you said '99'
Fri Jan 31 11:18:24 2020 DISMIS thinks you said 'khata'
Fri Jan 31 11:18:39 2020 DISMIS thinks you said '7986'
Fri Jan 31 11:18:48 2020 DISMIS thinks you said 'rto number'
Fri Jan 31 11:19:23 2020 DISMIS thinks you said 'shukriya'
Fri Jan 31 11:19:59 2020 DISMIS thinks you said 'hello'
Fri Jan 31 11:20:34 2020 DISMIS thinks you said 'kalika chicken'
Fri Jan 31 11:20:59 2020 DISMIS thinks you said '55'
Fri Jan 31 11:21:40 2020 DISMIS thinks you said 'check of the serious'
Fri Jan 31 11:21:46 2020 DISMIS thinks you said 'pujava ke gana'
Fri Jan 31 11:22:02 2020 DISMIS thinks you said 'good morning'
Fri Jan 31 11:24:32 2020 DISMIS thinks you said 'surat intercity'
Fri Jan 31 11:24:40 2020 DISMIS thinks you said 'rediffmail'
Fri Jan 31 11:24:49 2020 DISMIS thinks you said 'ajay devgan'
Fri Jan 31 11:32:46 2020 DISMIS thinks you said 'anandi natak'
Fri Jan 31 11:33:01 2020 DISMIS thinks you said 'i dont mind'
Fri Jan 31 11:33:09 2020 DISMIS thinks you said 'i dont mind right'
Fri Jan 31 11:33:18 2020 DISMIS thinks you said 'ahmedabad hanuman'
Fri Jan 31 11:33:32 2020 DISMIS thinks you said 'archana archana'
Fri Jan 31 11:37:02 2020 DISMIS thinks you said 'hello'
Fri Jan 31 11:37:53 2020 DISMIS thinks you said 'maya'
Fri Jan 31 12:18:54 2020 DISMIS thinks you said 'good morning'
Fri Jan 31 12:19:25 2020 DISMIS thinks you said 'open gmail'
Fri Jan 31 12:21:38 2020 DISMIS thinks you said 'beta'
Fri Jan 31 12:21:46 2020 DISMIS thinks you said 'good afternoon'
Fri Jan 31 12:22:15 2020 DISMIS thinks you said 'google fit'
Fri Jan 31 12:25:17 2020 DISMIS thinks you said 'phone number'
Fri Jan 31 12:25:26 2020 DISMIS thinks you said 'bullet train'
Fri Jan 31 12:25:35 2020 DISMIS thinks you said 'good afternoon'
Fri Jan 31 12:26:00 2020 DISMIS thinks you said 'chand chand'
Fri Jan 31 12:26:09 2020 DISMIS thinks you said 'song'
Fri Jan 31 12:26:18 2020 DISMIS thinks you said 'makeup kit'
Fri Jan 31 12:26:34 2020 DISMIS thinks you said 'makeup'
Fri Jan 31 12:54:03 2020 DISMIS thinks you said 'gandhinagar'
Fri Jan 31 12:54:09 2020 DISMIS thinks you said 'south apple on google'
Fri Jan 31 12:54:19 2020 DISMIS thinks you said 'south apple on google'
Fri Jan 31 12:55:26 2020 DISMIS thinks you said 'apple on google'
Fri Jan 31 12:56:01 2020 DISMIS thinks you said 'hello'
Fri Jan 31 12:56:40 2020 DISMIS thinks you said 'open google'
Fri Jan 31 12:57:12 2020 DISMIS thinks you said 'k1o'
Fri Jan 31 14:27:10 2020 DISMIS thinks you said 'app'
Fri Jan 31 14:51:26 2020 DISMIS thinks you said 'ke pongal'
Fri Jan 31 14:51:55 2020 DISMIS thinks you said 'hello who are you'
Fri Jan 31 14:52:31 2020 DISMIS thinks you said 'introduce yourself'
Fri Jan 31 14:56:55 2020 DISMIS thinks you said 'rachana boy'
Fri Jan 31 14:58:14 2020 DISMIS thinks you said 'hello'
Fri Jan 31 15:08:45 2020 DISMIS thinks you said 'what do i have in monday'
Fri Jan 31 15:10:54 2020 DISMIS thinks you said 'bodhgaya ka mandir'
Fri Jan 31 15:11:03 2020 DISMIS thinks you said 'what do a commando'
Fri Jan 31 15:11:11 2020 DISMIS thinks you said 'do i have any plan for monday'
Fri Jan 31 15:11:19 2020 DISMIS thinks you said 'what viacom birthday'
Fri Jan 31 15:11:27 2020 DISMIS thinks you said 'what do i come under'
Fri Jan 31 15:11:35 2020 DISMIS thinks you said 'what do i have'
Fri Jan 31 15:13:06 2020 DISMIS thinks you said 'what do i am monday'
Fri Jan 31 15:13:21 2020 DISMIS thinks you said 'do i have anything on monday'
Fri Jan 31 15:14:42 2020 DISMIS thinks you said 'dwaraka nagar mandal'
Fri Jan 31 15:14:52 2020 DISMIS thinks you said 'anything on monday'
Fri Jan 31 15:15:02 2020 DISMIS thinks you said 'do i can eat one day'
Fri Jan 31 15:15:08 2020 DISMIS thinks you said 'do i have anything on monday'
Fri Jan 31 15:17:17 2020 DISMIS thinks you said 'do i have anything on monday'
Fri Jan 31 15:18:56 2020 DISMIS thinks you said 'do i have any tomorrow monday'
Fri Jan 31 15:19:04 2020 DISMIS thinks you said 'do i have anything on monday'
Fri Jan 31 15:23:09 2020 DISMIS thinks you said 'what happened monday'
Fri Jan 31 15:23:17 2020 DISMIS thinks you said 'do i have any plans for monday'
Fri Jan 31 15:23:27 2020 DISMIS thinks you said 'what will happen monday'
Fri Jan 31 15:23:39 2020 DISMIS thinks you said 'do do i have anything on the day'
Fri Jan 31 15:24:04 2020 DISMIS thinks you said 'what do i have plans for monday'
Fri Jan 31 15:24:42 2020 DISMIS thinks you said 'do i have any plans for february 1st'
Fri Jan 31 15:24:50 2020 DISMIS thinks you said '2000'
Fri Jan 31 15:24:57 2020 DISMIS thinks you said 'anything for first'
Fri Jan 31 15:25:06 2020 DISMIS thinks you said 'do anything for february 1st'
Fri Jan 31 15:25:14 2020 DISMIS thinks you said 'do i have any plans for property'
Fri Jan 31 15:26:13 2020 DISMIS thinks you said 'what do i'
Fri Jan 31 15:26:22 2020 DISMIS thinks you said 'what what to do i am very fast'
Fri Jan 31 15:26:30 2020 DISMIS thinks you said 'what do i have to report'
Fri Jan 31 15:26:48 2020 DISMIS thinks you said 'whats the time'
Fri Jan 31 15:27:02 2020 DISMIS thinks you said 'whats the date'
Fri Jan 31 15:27:22 2020 DISMIS thinks you said 'good afternoon'
Fri Jan 31 15:27:45 2020 DISMIS thinks you said 'who is thomas edison'
Fri Jan 31 15:27:53 2020 DISMIS thinks you said 'who is thomas alva edison internet'
Fri Jan 31 15:28:27 2020 DISMIS thinks you said 'show me the location name as kathmandu'
Fri Jan 31 15:28:54 2020 DISMIS thinks you said 'kaju'
Fri Jan 31 15:29:03 2020 DISMIS thinks you said 'tell me a joke'
Fri Jan 31 15:29:26 2020 DISMIS thinks you said 'tell me you got'
Fri Jan 31 15:29:34 2020 DISMIS thinks you said 'tell me a quote'
Fri Jan 31 15:30:13 2020 DISMIS thinks you said 'hello hello'
Fri Jan 31 15:31:27 2020 DISMIS thinks you said 'hello hello'
Fri Jan 31 15:34:36 2020 DISMIS thinks you said 'laila laila laila hello'
Fri Jan 31 15:39:17 2020 DISMIS thinks you said 'hello'
Fri Jan 31 15:39:26 2020 DISMIS thinks you said 'up set alarm at 8:00'
Fri Jan 31 15:39:34 2020 DISMIS thinks you said 'set the volume at 80%'
Fri Jan 31 15:40:17 2020 DISMIS thinks you said 'champion'
Fri Jan 31 15:40:26 2020 DISMIS thinks you said 'set the volume at 80%'
Fri Jan 31 15:41:13 2020 DISMIS thinks you said 'i want to read something'
Fri Jan 31 15:41:22 2020 DISMIS thinks you said 'i want to read something'
Fri Jan 31 15:41:31 2020 DISMIS thinks you said 'i want to write something'
Sat Feb  1 09:08:05 2020 DISMIS thinks you said 'good morning'
Sat Feb  1 09:08:34 2020 DISMIS thinks you said 'open google'
Sat Feb  1 09:12:01 2020 DISMIS thinks you said 'good morning for minister'
Sat Feb  1 09:12:24 2020 DISMIS thinks you said 'sri lanka last match'
Sat Feb  1 09:14:48 2020 DISMIS thinks you said 'good morning'
Sat Feb  1 13:24:29 2020 DISMIS thinks you said 'what are the music app'
Sat Feb  1 13:24:37 2020 DISMIS thinks you said 'what are the movies dare'
Sat Feb  1 13:24:46 2020 DISMIS thinks you said 'i am going out'
Sat Feb  1 13:25:04 2020 DISMIS thinks you said 'tamanna'
Sat Feb  1 13:25:12 2020 DISMIS thinks you said 'love'
Sat Feb  1 13:25:21 2020 DISMIS thinks you said 'love kisses'
Sat Feb  1 13:25:29 2020 DISMIS thinks you said 'moto'
Sat Feb  1 13:25:37 2020 DISMIS thinks you said 'love'
Sat Feb  1 13:25:52 2020 DISMIS thinks you said 'w w'
Sat Feb  1 14:07:11 2020 DISMIS thinks you said 'what are the movies free'
Sat Feb  1 14:07:19 2020 DISMIS thinks you said 'what are the movies to have'
Sat Feb  1 14:07:33 2020 DISMIS thinks you said 'please laugh'
Sat Feb  1 14:07:55 2020 DISMIS thinks you said 'k a'
Sat Feb  1 14:08:18 2020 DISMIS thinks you said 'good morning'
Sat Feb  1 14:09:03 2020 DISMIS thinks you said 'jhooth mat uthana'
Sat Feb  1 14:09:11 2020 DISMIS thinks you said 'thomas alva edison on google'
Sat Feb  1 14:09:37 2020 DISMIS thinks you said 'show me the picture of thomas alva edison'
Sat Feb  1 14:10:06 2020 DISMIS thinks you said '640'
Sat Feb  1 14:10:34 2020 DISMIS thinks you said 'accent accent inet with information'
Sat Feb  1 14:10:42 2020 DISMIS thinks you said 'axis internet who is thomas alva edison'
Sat Feb  1 14:11:28 2020 DISMIS thinks you said 'brazil hunter'
Sat Feb  1 14:11:43 2020 DISMIS thinks you said 'senator'
Sat Feb  1 14:12:31 2020 DISMIS thinks you said 'manchester'
Sat Feb  1 14:13:32 2020 DISMIS thinks you said 'i want to write something'
Sat Feb  1 14:13:50 2020 DISMIS thinks you said '1 million written notes'
Sat Feb  1 14:13:58 2020 DISMIS thinks you said 'reshma annual return'
Sat Feb  1 14:14:07 2020 DISMIS thinks you said 'rate manu return notes'
Sat Feb  1 14:14:23 2020 DISMIS thinks you said 'malvern morcha'
Sat Feb  1 14:14:31 2020 DISMIS thinks you said 'play me a song'
Sat Feb  1 14:14:45 2020 DISMIS thinks you said 'next song'
Sat Feb  1 14:14:53 2020 DISMIS thinks you said 'play song'
Sat Feb  1 14:15:01 2020 DISMIS thinks you said 'neha ke song'
Sat Feb  1 14:15:09 2020 DISMIS thinks you said 'play song'
Sat Feb  1 14:15:17 2020 DISMIS thinks you said 'next song'
Sat Feb  1 14:15:25 2020 DISMIS thinks you said 'stop'
Sat Feb  1 14:15:39 2020 DISMIS thinks you said 'tell me weather'
Sat Feb  1 14:16:03 2020 DISMIS thinks you said 'detail of citizenship'
Sat Feb  1 14:16:11 2020 DISMIS thinks you said 'send me the photo lock password'
Sat Feb  1 14:16:19 2020 DISMIS thinks you said 'show me photo of passport'
Sat Feb  1 14:16:27 2020 DISMIS thinks you said 'show me the password of'
Sat Feb  1 14:16:35 2020 DISMIS thinks you said 'provide me the password of gmail'
Sat Feb  1 14:21:29 2020 DISMIS thinks you said 'dharmavaram'
Sat Feb  1 14:23:57 2020 DISMIS thinks you said 'satin frock'
Sat Feb  1 14:24:43 2020 DISMIS thinks you said 'kanchana'
Sat Feb  1 14:30:17 2020 DISMIS thinks you said 'hema malini'
Sat Feb  1 14:30:32 2020 DISMIS thinks you said 'video'
Sat Feb  1 14:30:47 2020 DISMIS thinks you said 'screen wala shayari'
Sat Feb  1 14:30:55 2020 DISMIS thinks you said 'result'
Sat Feb  1 14:31:10 2020 DISMIS thinks you said 'anytime'
Sat Feb  1 14:31:32 2020 DISMIS thinks you said 'tambaram'
Sat Feb  1 14:31:40 2020 DISMIS thinks you said 'top 10 song'
Sat Feb  1 14:31:54 2020 DISMIS thinks you said 'hd'
Sat Feb  1 14:32:03 2020 DISMIS thinks you said 'arun ke video gane'
Sat Feb  1 14:32:11 2020 DISMIS thinks you said 'turn off the light'
Mon Feb  3 19:19:17 2020 DISMIS thinks you said 'tv channel'
Mon Feb  3 19:23:00 2020 DISMIS thinks you said 'neem honey'
Mon Feb  3 19:53:20 2020 DISMIS thinks you said 'who are you'
Mon Feb  3 19:53:49 2020 DISMIS thinks you said 'thi'
Mon Feb  3 19:53:59 2020 DISMIS thinks you said 'when are you'
Mon Feb  3 19:54:05 2020 DISMIS thinks you said 'where are you'
Tue Feb  4 15:21:00 2020 DISMIS thinks you said 'tell me a joke'
Tue Feb  4 15:22:10 2020 DISMIS thinks you said 'tell me a quote'
Tue Feb  4 16:25:00 2020 DISMIS thinks you said 'i know i know'
Tue Feb  4 16:25:17 2020 DISMIS thinks you said 'november'
Tue Feb  4 16:26:20 2020 DISMIS thinks you said 'sir'
Tue Feb  4 16:31:48 2020 DISMIS thinks you said 'hey google'
Tue Feb  4 17:21:16 2020 DISMIS thinks you said 'vikas'
Tue Feb  4 17:21:31 2020 DISMIS thinks you said 'gaurav'
Tue Feb  4 17:21:40 2020 DISMIS thinks you said 'hero'
Tue Feb  4 17:23:14 2020 DISMIS thinks you said 'naukri'
Thu Feb  6 09:53:36 2020 DISMIS thinks you said 'ja raha hai'
Thu Feb  6 09:53:45 2020 DISMIS thinks you said 'what'
Thu Feb  6 09:56:54 2020 DISMIS thinks you said 'youtube'
Thu Feb  6 09:58:10 2020 DISMIS thinks you said 'song'
Thu Feb  6 10:00:34 2020 DISMIS thinks you said 'open gmail'
Thu Feb  6 10:01:54 2020 DISMIS thinks you said 'taaja'
Thu Feb  6 10:04:39 2020 DISMIS thinks you said 'what do i have plans for tomorrow'
Thu Feb  6 10:06:39 2020 DISMIS thinks you said 'what do i have planned for tomorrow'
Thu Feb  6 10:08:25 2020 DISMIS thinks you said 'what do i transfer tomorrow'
Thu Feb  6 10:08:33 2020 DISMIS thinks you said 'what do i have plans for tomorrow'
Thu Feb  6 10:08:51 2020 DISMIS thinks you said 'do i have any plans for tomorrow'
Thu Feb  6 10:09:06 2020 DISMIS thinks you said 'do i have any schedule for tomorrow'
Thu Feb  6 10:09:15 2020 DISMIS thinks you said 'what is the scripture'
Thu Feb  6 10:09:23 2020 DISMIS thinks you said 'do i have any plans for tomorrow'
Thu Feb  6 10:09:32 2020 DISMIS thinks you said 'what do i have plans for tomorrow'
Thu Feb  6 10:09:42 2020 DISMIS thinks you said 'thank you'
Thu Feb  6 10:22:11 2020 DISMIS thinks you said 'pakistan'
Thu Feb  6 10:32:50 2020 DISMIS thinks you said 'new style'
Thu Feb  6 10:36:46 2020 DISMIS thinks you said 'tata alarm laga rakhi'
Thu Feb  6 10:37:03 2020 DISMIS thinks you said 'kullu manali'
Thu Feb  6 10:37:32 2020 DISMIS thinks you said 'undertaker'
Thu Feb  6 10:43:16 2020 DISMIS thinks you said 'ok ok'
Thu Feb  6 10:43:53 2020 DISMIS thinks you said '11'
Thu Feb  6 10:44:02 2020 DISMIS thinks you said '11 seconds equal 11000'
Thu Feb  6 10:47:30 2020 DISMIS thinks you said 'video'
Thu Feb  6 11:09:57 2020 DISMIS thinks you said 'khanan vibhag'
Thu Feb  6 11:56:27 2020 DISMIS thinks you said 'play set forever on youtube'
Thu Feb  6 11:56:51 2020 DISMIS thinks you said 'krishna'
Thu Feb  6 11:57:46 2020 DISMIS thinks you said 'khana kha lunga'
Thu Feb  6 12:28:59 2020 DISMIS thinks you said 'hindi'
Thu Feb  6 12:29:07 2020 DISMIS thinks you said 'hindi'
Thu Feb  6 12:29:16 2020 DISMIS thinks you said 'whatsapp'
Thu Feb  6 12:29:27 2020 DISMIS thinks you said 'are you dismissed'
Thu Feb  6 12:31:46 2020 DISMIS thinks you said 'cable'
Thu Feb  6 12:32:02 2020 DISMIS thinks you said 'kashish'
Thu Feb  6 12:35:05 2020 DISMIS thinks you said 'satta matka result'
Thu Feb  6 12:36:16 2020 DISMIS thinks you said 'nagaland'
Thu Feb  6 12:36:33 2020 DISMIS thinks you said 'nebula'
Thu Feb  6 12:36:49 2020 DISMIS thinks you said 'ok'
Thu Feb  6 12:37:05 2020 DISMIS thinks you said 'ladka'
Thu Feb  6 12:37:42 2020 DISMIS thinks you said 'effects'
Thu Feb  6 12:37:59 2020 DISMIS thinks you said 'superhit'
Thu Feb  6 12:39:04 2020 DISMIS thinks you said 'download'
Thu Feb  6 12:40:01 2020 DISMIS thinks you said 'special special'
Thu Feb  6 12:40:18 2020 DISMIS thinks you said 'sar khane ki'
Thu Feb  6 12:40:41 2020 DISMIS thinks you said 'respect'
Thu Feb  6 12:41:19 2020 DISMIS thinks you said 'budharaja naraj'
Thu Feb  6 12:42:28 2020 DISMIS thinks you said 'cricket'
Thu Feb  6 12:42:45 2020 DISMIS thinks you said 'kota'
Thu Feb  6 12:43:03 2020 DISMIS thinks you said 'samiti chalne ke bataen'
Thu Feb  6 12:43:36 2020 DISMIS thinks you said 'set alarm battery'
Thu Feb  6 12:44:00 2020 DISMIS thinks you said 'mubarak'
Thu Feb  6 12:44:10 2020 DISMIS thinks you said 'networking'
Thu Feb  6 12:45:52 2020 DISMIS thinks you said 'border ke gane'
Thu Feb  6 12:47:25 2020 DISMIS thinks you said 'motorcycle'
Thu Feb  6 12:47:35 2020 DISMIS thinks you said 'are santhal'
Thu Feb  6 12:47:44 2020 DISMIS thinks you said 'switch'
Thu Feb  6 12:47:53 2020 DISMIS thinks you said 'lava'
Thu Feb  6 12:48:18 2020 DISMIS thinks you said 'you have mail'
Thu Feb  6 12:48:59 2020 DISMIS thinks you said 'what is this'
Thu Feb  6 12:49:33 2020 DISMIS thinks you said 'can i get'
Thu Feb  6 12:49:47 2020 DISMIS thinks you said 'coco'
Thu Feb  6 12:50:12 2020 DISMIS thinks you said 'aaram se'
Thu Feb  6 12:50:29 2020 DISMIS thinks you said 'bolna'
Thu Feb  6 12:51:05 2020 DISMIS thinks you said 'zebra vichara'
Thu Feb  6 12:51:43 2020 DISMIS thinks you said 'international'
Thu Feb  6 12:51:56 2020 DISMIS thinks you said 'status'
Thu Feb  6 12:52:07 2020 DISMIS thinks you said 'koi nahin'
Thu Feb  6 12:52:28 2020 DISMIS thinks you said 'jiski'
Thu Feb  6 12:54:35 2020 DISMIS thinks you said 'commented'
Thu Feb  6 12:54:44 2020 DISMIS thinks you said 'mail i know i know i know'
Thu Feb  6 12:54:49 2020 DISMIS thinks you said 'i know'
Thu Feb  6 12:55:02 2020 DISMIS thinks you said 'mention'
Thu Feb  6 12:55:18 2020 DISMIS thinks you said 'unity'
Thu Feb  6 12:55:54 2020 DISMIS thinks you said 'charge unit'
Thu Feb  6 12:55:56 2020 DISMIS thinks you said 'paheliyan'
Thu Feb  6 12:56:17 2020 DISMIS thinks you said 'tera unit'
Thu Feb  6 12:56:24 2020 DISMIS thinks you said 'tera'
Thu Feb  6 12:56:47 2020 DISMIS thinks you said 'jaykare'
Thu Feb  6 12:56:49 2020 DISMIS thinks you said 'kya karen'
Thu Feb  6 12:57:02 2020 DISMIS thinks you said 'rail welding'
Thu Feb  6 12:57:05 2020 DISMIS thinks you said 'oh my god'
Thu Feb  6 12:57:17 2020 DISMIS thinks you said 'miranda'
Thu Feb  6 12:57:29 2020 DISMIS thinks you said 'katti katti din baki'
Thu Feb  6 12:57:30 2020 DISMIS thinks you said 'second ticket in pakistan'
Thu Feb  6 12:58:23 2020 DISMIS thinks you said 'habra'
Thu Feb  6 12:58:32 2020 DISMIS thinks you said 'pk'
Thu Feb  6 12:58:34 2020 DISMIS thinks you said 'pk'
Thu Feb  6 13:00:42 2020 DISMIS thinks you said 'hello'
Thu Feb  6 13:00:43 2020 DISMIS thinks you said 'penelope hello'
Thu Feb  6 13:00:53 2020 DISMIS thinks you said 'god wallpaper'
Thu Feb  6 13:01:30 2020 DISMIS thinks you said 'katrina kaif'
Thu Feb  6 13:01:52 2020 DISMIS thinks you said 'kahan se aata hai rota'
Thu Feb  6 13:01:53 2020 DISMIS thinks you said 'kahan se aata hai'
Thu Feb  6 13:02:01 2020 DISMIS thinks you said 'library'
Thu Feb  6 13:03:20 2020 DISMIS thinks you said 'ok ok'
Thu Feb  6 13:03:29 2020 DISMIS thinks you said 'cartoon'
Thu Feb  6 13:03:38 2020 DISMIS thinks you said 'ok'
Thu Feb  6 13:05:14 2020 DISMIS thinks you said 'new york new update date'
Thu Feb  6 13:05:30 2020 DISMIS thinks you said 'what do you mean'
Thu Feb  6 13:05:46 2020 DISMIS thinks you said 'manipal card'
Thu Feb  6 13:05:56 2020 DISMIS thinks you said 'china'
Thu Feb  6 13:08:23 2020 DISMIS thinks you said 'sex'
Thu Feb  6 13:39:37 2020 DISMIS thinks you said 'hello'
Thu Feb  6 13:40:01 2020 DISMIS thinks you said 'hello'
Thu Feb  6 13:40:10 2020 DISMIS thinks you said 'hello'
Thu Feb  6 13:45:05 2020 DISMIS thinks you said 'ok'
Thu Feb  6 13:45:13 2020 DISMIS thinks you said 'shakti distance'
Thu Feb  6 13:45:41 2020 DISMIS thinks you said 'hello'
Thu Feb  6 13:46:03 2020 DISMIS thinks you said 'yeah you up'
Thu Feb  6 13:46:12 2020 DISMIS thinks you said 'khana ho gaya'
Thu Feb  6 13:46:27 2020 DISMIS thinks you said 'hello kk bani'
Thu Feb  6 13:46:43 2020 DISMIS thinks you said 'kyon ki'
Thu Feb  6 13:47:26 2020 DISMIS thinks you said 'geet baja de'
Thu Feb  6 13:47:41 2020 DISMIS thinks you said 'ki'
Thu Feb  6 13:47:56 2020 DISMIS thinks you said 'bikaner rajasthan'
Thu Feb  6 13:48:05 2020 DISMIS thinks you said 'aao'
Thu Feb  6 13:48:13 2020 DISMIS thinks you said 'khana para'
Thu Feb  6 13:48:29 2020 DISMIS thinks you said 'abi'
Thu Feb  6 13:48:53 2020 DISMIS thinks you said 'so sad'
Thu Feb  6 13:50:16 2020 DISMIS thinks you said 'hello'
Thu Feb  6 13:50:31 2020 DISMIS thinks you said 'best friend'
Thu Feb  6 13:50:52 2020 DISMIS thinks you said 'ke bhai ki jay ho'
Thu Feb  6 13:51:21 2020 DISMIS thinks you said 'sohar'
Thu Feb  6 13:52:04 2020 DISMIS thinks you said 'baby'
Thu Feb  6 13:52:13 2020 DISMIS thinks you said 'how you doing'
Thu Feb  6 13:52:25 2020 DISMIS thinks you said 'vishnu vandana'
Thu Feb  6 13:53:34 2020 DISMIS thinks you said 'ashok'
Thu Feb  6 13:53:56 2020 DISMIS thinks you said 'hello'
Thu Feb  6 13:54:12 2020 DISMIS thinks you said 'hello'
Thu Feb  6 13:55:40 2020 DISMIS thinks you said 'hello'
Thu Feb  6 13:56:34 2020 DISMIS thinks you said 'youtube search how to make ramen'
Thu Feb  6 13:58:11 2020 DISMIS thinks you said 'english to marathi'
Thu Feb  6 13:59:26 2020 DISMIS thinks you said 'panama'
Thu Feb  6 14:00:09 2020 DISMIS thinks you said 'tiger song'
Thu Feb  6 14:00:38 2020 DISMIS thinks you said 'masala song'
Thu Feb  6 15:58:11 2020 DISMIS thinks you said 'call letter'
Thu Feb  6 15:58:26 2020 DISMIS thinks you said 'not ready'
Thu Feb  6 15:58:40 2020 DISMIS thinks you said 'applock'
Thu Feb  6 15:58:56 2020 DISMIS thinks you said 'naina re naina'
Thu Feb  6 15:59:08 2020 DISMIS thinks you said 'talking angela'
Thu Feb  6 15:59:18 2020 DISMIS thinks you said 'udaipur'
Thu Feb  6 15:59:25 2020 DISMIS thinks you said 'pictures of percentage'
Thu Feb  6 15:59:31 2020 DISMIS thinks you said 'gmail'
Thu Feb  6 15:59:44 2020 DISMIS thinks you said 'kagan partner'
Thu Feb  6 16:00:37 2020 DISMIS thinks you said 'send me the details of personal gmail'
Thu Feb  6 16:01:26 2020 DISMIS thinks you said 'pondicherry'
Thu Feb  6 16:05:00 2020 DISMIS thinks you said 'send me the little'
Thu Feb  6 16:05:13 2020 DISMIS thinks you said 'send me the details of hotel of passport'
Thu Feb  6 16:05:27 2020 DISMIS thinks you said 'send me the details of personal gmail'
Thu Feb  6 16:05:52 2020 DISMIS thinks you said 'open gmail'
Thu Feb  6 16:08:11 2020 DISMIS thinks you said 'indian girls'
Thu Feb  6 17:00:32 2020 DISMIS thinks you said 'gmail'
Thu Feb  6 17:00:39 2020 DISMIS thinks you said 'gmail'
Thu Feb  6 17:01:00 2020 DISMIS thinks you said 'open gmail'
Thu Feb  6 17:01:40 2020 DISMIS thinks you said 'allah allah'
Thu Feb  6 17:02:20 2020 DISMIS thinks you said '22 songs'
Thu Feb  6 17:02:37 2020 DISMIS thinks you said 'good evening'
Thu Feb  6 17:04:17 2020 DISMIS thinks you said 'bugatti veyron'
Thu Feb  6 17:08:13 2020 DISMIS thinks you said 'suraj kumar'
Thu Feb  6 17:09:31 2020 DISMIS thinks you said 'salman khan ki'
Thu Feb  6 17:09:46 2020 DISMIS thinks you said 'jinga lala'
Thu Feb  6 17:11:20 2020 DISMIS thinks you said 'a space'
Thu Feb  6 17:13:43 2020 DISMIS thinks you said 'chalo'
Thu Feb  6 17:27:11 2020 DISMIS thinks you said 'south ke'
Thu Feb  6 17:35:08 2020 DISMIS thinks you said 'akhiyan'
Thu Feb  6 17:35:34 2020 DISMIS thinks you said 'hello'
Thu Feb  6 18:03:44 2020 DISMIS thinks you said 'are you up'
Thu Feb  6 18:03:58 2020 DISMIS thinks you said 'tell me whats your name'
Thu Feb  6 18:04:43 2020 DISMIS thinks you said 'how are you'
Thu Feb  6 18:04:52 2020 DISMIS thinks you said 'ok thank you'
Thu Feb  6 18:04:59 2020 DISMIS thinks you said 'hundred percent'
Thu Feb  6 18:05:07 2020 DISMIS thinks you said 'set the volume at 20%'
Thu Feb  6 18:05:20 2020 DISMIS thinks you said 'set the volume at hundred percent'
Thu Feb  6 18:05:41 2020 DISMIS thinks you said 'ok thats great thank you so much'
Thu Feb  6 22:31:43 2020 DISMIS thinks you said 'set the volume percent at 60'
Thu Feb  6 22:31:58 2020 DISMIS thinks you said 'hello'
Thu Feb  6 22:32:12 2020 DISMIS thinks you said 'hello'
Fri Feb  7 09:22:41 2020 DISMIS thinks you said 'hello'
Fri Feb  7 09:25:43 2020 DISMIS thinks you said 'hello'
Fri Feb  7 09:28:36 2020 DISMIS thinks you said 'hello'
Fri Feb  7 09:28:47 2020 DISMIS thinks you said 'chuda chudi'
Fri Feb  7 09:28:58 2020 DISMIS thinks you said 'set'
Fri Feb  7 09:29:09 2020 DISMIS thinks you said 'set the volume at hundred percent'
Fri Feb  7 09:29:23 2020 DISMIS thinks you said 'hello'
Fri Feb  7 09:29:33 2020 DISMIS thinks you said 'setting'
Fri Feb  7 09:33:36 2020 DISMIS thinks you said 'hello'
Fri Feb  7 09:34:04 2020 DISMIS thinks you said 'aap'
Fri Feb  7 09:34:17 2020 DISMIS thinks you said 'song'
Fri Feb  7 09:38:38 2020 DISMIS thinks you said 'hello hello 123 123'
Fri Feb  7 09:45:35 2020 DISMIS thinks you said 'second'
Fri Feb  7 09:46:12 2020 DISMIS thinks you said 'ok'
Fri Feb  7 09:46:31 2020 DISMIS thinks you said 'loneliness is the best heart'
Fri Feb  7 09:47:23 2020 DISMIS thinks you said 'hello'
Fri Feb  7 09:47:25 2020 DISMIS thinks you said 'hello'
Fri Feb  7 09:47:34 2020 DISMIS thinks you said 'lelo'
Fri Feb  7 09:47:34 2020 DISMIS thinks you said 'le lo'
Fri Feb  7 09:47:56 2020 DISMIS thinks you said 'hello'
Fri Feb  7 09:48:06 2020 DISMIS thinks you said 'hello'
Fri Feb  7 09:50:17 2020 DISMIS thinks you said 'hello 123 123'
Fri Feb  7 09:50:28 2020 DISMIS thinks you said 'are you up'
Fri Feb  7 09:57:24 2020 DISMIS thinks you said 'hello'
Fri Feb  7 09:57:39 2020 DISMIS thinks you said 'indian'
Fri Feb  7 09:58:14 2020 DISMIS thinks you said 'tell me about'
Fri Feb  7 09:58:22 2020 DISMIS thinks you said 'tell me a quote'
Fri Feb  7 09:59:41 2020 DISMIS thinks you said 'hello'
Fri Feb  7 09:59:49 2020 DISMIS thinks you said 'open facebook'
Fri Feb  7 10:00:04 2020 DISMIS thinks you said 'its time to work on automation'
Fri Feb  7 10:00:13 2020 DISMIS thinks you said 'close chrome'
Fri Feb  7 10:00:22 2020 DISMIS thinks you said 'close terminal'
Fri Feb  7 10:02:37 2020 DISMIS thinks you said 'hello'
Fri Feb  7 10:02:46 2020 DISMIS thinks you said 'how are you'
Fri Feb  7 10:04:21 2020 DISMIS thinks you said 'tell me a quote'
Fri Feb  7 10:04:42 2020 DISMIS thinks you said 'girls'
Fri Feb  7 10:05:14 2020 DISMIS thinks you said 'mi account'
Fri Feb  7 10:05:22 2020 DISMIS thinks you said 'tell me a quote'
Fri Feb  7 10:07:54 2020 DISMIS thinks you said 'tell me a quote'
Fri Feb  7 10:08:27 2020 DISMIS thinks you said 'court junior court'
Fri Feb  7 12:43:31 2020 DISMIS thinks you said 'tera'
Fri Feb  7 12:43:41 2020 DISMIS thinks you said 'i am on'
Fri Feb  7 12:43:49 2020 DISMIS thinks you said 'i am home'
Fri Feb  7 13:02:54 2020 DISMIS thinks you said 'i am om'
Fri Feb  7 13:03:09 2020 DISMIS thinks you said 'i am'
Fri Feb  7 13:03:18 2020 DISMIS thinks you said 'i am one'
Fri Feb  7 13:04:34 2020 DISMIS thinks you said 'hey buddy'
Fri Feb  7 13:09:28 2020 DISMIS thinks you said 'hey buddy'
Fri Feb  7 14:38:07 2020 DISMIS thinks you said 'tell me mi store'
Fri Feb  7 14:38:17 2020 DISMIS thinks you said 'milestone'
Fri Feb  7 14:39:53 2020 DISMIS thinks you said 'maestro'
Fri Feb  7 14:40:02 2020 DISMIS thinks you said 'maestro'
Fri Feb  7 14:40:12 2020 DISMIS thinks you said 'milestone'
Fri Feb  7 14:40:39 2020 DISMIS thinks you said 'mp3'
Fri Feb  7 14:41:19 2020 DISMIS thinks you said 'vanilla'
Fri Feb  7 14:41:28 2020 DISMIS thinks you said 'i love you'
Fri Feb  7 14:54:38 2020 DISMIS thinks you said 'milestone'
Fri Feb  7 14:55:31 2020 DISMIS thinks you said 'main stone'
Fri Feb  7 14:55:40 2020 DISMIS thinks you said 'milestone'
Fri Feb  7 15:04:35 2020 DISMIS thinks you said 'who are you'
Fri Feb  7 15:06:38 2020 DISMIS thinks you said 'milestone'
Fri Feb  7 17:45:16 2020 DISMIS thinks you said 'who are you'
Fri Feb  7 17:46:11 2020 DISMIS thinks you said 'hey buddy'
Fri Feb  7 17:46:43 2020 DISMIS thinks you said 'we want you'
Fri Feb  7 17:49:01 2020 DISMIS thinks you said 'are you who are you'
Fri Feb  7 17:49:11 2020 DISMIS thinks you said 'kya chal raha hai'
Fri Feb  7 17:53:46 2020 DISMIS thinks you said 'hey baby'
Fri Feb  7 17:54:10 2020 DISMIS thinks you said 'beautician'
Fri Feb  7 18:07:51 2020 DISMIS thinks you said 'who are you'
Fri Feb  7 18:11:25 2020 DISMIS thinks you said 'college classmates'
Fri Feb  7 18:11:35 2020 DISMIS thinks you said 'classic'
Fri Feb  7 18:17:24 2020 DISMIS thinks you said 'who are you'
Fri Feb  7 18:19:33 2020 DISMIS thinks you said 'underestimate'
Fri Feb  7 18:30:13 2020 DISMIS thinks you said 'who are you'
Fri Feb  7 18:35:16 2020 DISMIS thinks you said 'who are'
Fri Feb  7 18:35:25 2020 DISMIS thinks you said 'who are you'
Fri Feb  7 18:42:31 2020 DISMIS thinks you said 'who are you'
Fri Feb  7 18:43:32 2020 DISMIS thinks you said 'who are you who are you'
Fri Feb  7 18:46:03 2020 DISMIS thinks you said 'who are you'
Fri Feb  7 18:47:24 2020 DISMIS thinks you said 'who are you'
Fri Feb  7 18:47:34 2020 DISMIS thinks you said 'tuition'
Fri Feb  7 18:47:44 2020 DISMIS thinks you said 'who are you'
Fri Feb  7 18:49:20 2020 DISMIS thinks you said 'police bharti ki sexy'
Fri Feb  7 18:49:31 2020 DISMIS thinks you said 'it was good night'
Fri Feb  7 19:00:26 2020 DISMIS thinks you said 'who are you'
Fri Feb  7 19:00:36 2020 DISMIS thinks you said 'downloading'
Fri Feb  7 19:00:46 2020 DISMIS thinks you said 'how am i'
Fri Feb  7 19:01:24 2020 DISMIS thinks you said 'badi'
Fri Feb  7 19:01:42 2020 DISMIS thinks you said 'tubidy'
Fri Feb  7 19:01:53 2020 DISMIS thinks you said 'hey buddy'
Fri Feb  7 19:02:28 2020 DISMIS thinks you said 'company'
Fri Feb  7 19:03:34 2020 DISMIS thinks you said 'i am home'
Fri Feb  7 19:04:45 2020 DISMIS thinks you said 'i am home'
Fri Feb  7 19:08:41 2020 DISMIS thinks you said 'how are you'
Fri Feb  7 19:22:59 2020 DISMIS thinks you said 'who are you'
Fri Feb  7 19:23:10 2020 DISMIS thinks you said 'i have to sleep after 4 correction for 2016-17'
Fri Feb  7 19:23:28 2020 DISMIS thinks you said 'how are you'
Fri Feb  7 19:23:51 2020 DISMIS thinks you said 'hawa mai hawa mai'
Fri Feb  7 19:24:02 2020 DISMIS thinks you said 'how i am i'
Fri Feb  7 19:24:14 2020 DISMIS thinks you said 'muhanson ke badi'
Fri Feb  7 19:24:29 2020 DISMIS thinks you said 'hey buddy'
Fri Feb  7 19:28:19 2020 DISMIS thinks you said 'huawei y9'
Fri Feb  7 19:28:30 2020 DISMIS thinks you said 'how am i'
Fri Feb  7 19:28:41 2020 DISMIS thinks you said 'khalnayak video'
Fri Feb  7 19:28:59 2020 DISMIS thinks you said 'what are you doing'
Fri Feb  7 19:29:09 2020 DISMIS thinks you said 'youtube painter'
Sun Feb  9 17:40:57 2020 DISMIS thinks you said 'what is your milestone'
Sun Feb  9 17:45:53 2020 DISMIS thinks you said 'whats your milestone'
Sun Feb  9 17:47:04 2020 DISMIS thinks you said 'what is the milestone'
Sun Feb  9 17:47:30 2020 DISMIS thinks you said 'how are you'
Sun Feb  9 17:47:52 2020 DISMIS thinks you said 'daily show'
Sun Feb  9 17:48:00 2020 DISMIS thinks you said 'i am home'
Sun Feb  9 17:48:18 2020 DISMIS thinks you said 'hey baby'
Sun Feb  9 17:49:00 2020 DISMIS thinks you said 'hello'
Sun Feb  9 17:49:17 2020 DISMIS thinks you said '7'
Sun Feb  9 17:49:26 2020 DISMIS thinks you said '4949'
Sun Feb  9 17:49:49 2020 DISMIS thinks you said 'who are you'
Sun Feb  9 17:51:07 2020 DISMIS thinks you said 'kutubminar nigam'
Sun Feb  9 17:51:22 2020 DISMIS thinks you said 'how i look'
Sun Feb  9 17:51:39 2020 DISMIS thinks you said 'condom'
Sun Feb  9 17:51:48 2020 DISMIS thinks you said 'condom'
Sun Feb  9 17:51:57 2020 DISMIS thinks you said 'where did you gone'
Sun Feb  9 17:52:06 2020 DISMIS thinks you said 'where did you born'
Sun Feb  9 17:52:15 2020 DISMIS thinks you said 'malvan'
Sun Feb  9 17:52:23 2020 DISMIS thinks you said 'bholenath'
Sun Feb  9 17:53:06 2020 DISMIS thinks you said 'la la la'
Sun Feb  9 17:53:15 2020 DISMIS thinks you said 'hardik'
Sun Feb  9 17:53:24 2020 DISMIS thinks you said 'malawi'
Sun Feb  9 17:53:40 2020 DISMIS thinks you said 'why are you here'
Sun Feb  9 17:54:16 2020 DISMIS thinks you said 'how are you'
Sun Feb  9 17:54:24 2020 DISMIS thinks you said 'what is'
Sun Feb  9 17:54:33 2020 DISMIS thinks you said 'what is the age'
Sun Feb  9 17:55:12 2020 DISMIS thinks you said 'who is the master'
Sun Feb  9 17:55:32 2020 DISMIS thinks you said 'what are you doing'
Sun Feb  9 17:55:47 2020 DISMIS thinks you said 'sweetheart great her'
Sun Feb  9 17:55:56 2020 DISMIS thinks you said 'great heart'
Sun Feb  9 17:56:06 2020 DISMIS thinks you said 'say hi to have for'
Sun Feb  9 17:56:15 2020 DISMIS thinks you said 'say hello to her'
Sun Feb  9 17:56:23 2020 DISMIS thinks you said 'single to him'
Sun Feb  9 17:56:32 2020 DISMIS thinks you said 'say hello to him'
Sun Feb  9 17:56:48 2020 DISMIS thinks you said 'say hello to them'
Sun Feb  9 17:57:11 2020 DISMIS thinks you said 'what are you waiting for'
Sun Feb  9 17:57:32 2020 DISMIS thinks you said 'thank you'
Sun Feb  9 17:57:47 2020 DISMIS thinks you said 'i love you'
Sun Feb  9 17:58:03 2020 DISMIS thinks you said 'are you tired'
Sun Feb  9 17:58:19 2020 DISMIS thinks you said 'very smart'
Sun Feb  9 17:58:28 2020 DISMIS thinks you said 'are you smart'
Sun Feb  9 17:58:42 2020 DISMIS thinks you said 'are you tall'
Sun Feb  9 17:59:04 2020 DISMIS thinks you said 'i eat'
Sun Feb  9 17:59:14 2020 DISMIS thinks you said 'which colour do i hate'
Sun Feb  9 17:59:24 2020 DISMIS thinks you said 'which colour do you have i hate'
Sun Feb  9 17:59:59 2020 DISMIS thinks you said 'do you believe in ghost'
Sun Feb  9 18:00:15 2020 DISMIS thinks you said 'scare me'
Sun Feb  9 18:00:43 2020 DISMIS thinks you said 'just wanted to say hi'
Sun Feb  9 18:01:04 2020 DISMIS thinks you said 'you are welcome'
Sun Feb  9 18:01:12 2020 DISMIS thinks you said 'you are beautiful'
Sun Feb  9 18:01:28 2020 DISMIS thinks you said 'you are hot'
Sun Feb  9 18:01:49 2020 DISMIS thinks you said 'mi hot'
Sun Feb  9 18:01:58 2020 DISMIS thinks you said 'mi hot'
Sun Feb  9 18:02:33 2020 DISMIS thinks you said 'am i a good person'
Sun Feb  9 18:02:43 2020 DISMIS thinks you said 'what do you think about'
Sun Feb  9 18:02:53 2020 DISMIS thinks you said 'what do you think about me'
Sun Feb  9 18:03:09 2020 DISMIS thinks you said 'do you love me'
Sun Feb  9 18:03:18 2020 DISMIS thinks you said 'you are the best'
Sun Feb  9 18:03:40 2020 DISMIS thinks you said 'i love i like talking with you'
Sun Feb  9 18:04:01 2020 DISMIS thinks you said 'amit'
Sun Feb  9 18:04:36 2020 DISMIS thinks you said 'i like talking with you'
Sun Feb  9 18:05:05 2020 DISMIS thinks you said 'i like'
Sun Feb  9 18:05:14 2020 DISMIS thinks you said 'i like talking with you'
Sun Feb  9 18:05:29 2020 DISMIS thinks you said 'tell me baby.'
Sun Feb  9 18:05:38 2020 DISMIS thinks you said 'will you be my best friend'
Sun Feb  9 18:05:46 2020 DISMIS thinks you said 'will you be my best friend'
Sun Feb  9 18:05:57 2020 DISMIS thinks you said 'will you be my best friend'
Sun Feb  9 18:06:34 2020 DISMIS thinks you said 'tell me a secret'
Sun Feb  9 18:06:58 2020 DISMIS thinks you said 'who is the fastest'
Sun Feb  9 18:07:07 2020 DISMIS thinks you said 'who is your'
Sun Feb  9 18:07:16 2020 DISMIS thinks you said 'who is your first crush'
Sun Feb  9 18:07:32 2020 DISMIS thinks you said 'i am transferring you'
Sun Feb  9 18:07:41 2020 DISMIS thinks you said 'i am transferring you'
Sun Feb  9 18:07:50 2020 DISMIS thinks you said 'company'
Sun Feb  9 18:08:06 2020 DISMIS thinks you said 'i am going out'
Sun Feb  9 18:08:14 2020 DISMIS thinks you said 'kannula'
Sun Feb  9 18:08:23 2020 DISMIS thinks you said 'can you laugh'
Sun Feb  9 18:09:09 2020 DISMIS thinks you said 'can you laugh'
Sun Feb  9 18:09:19 2020 DISMIS thinks you said 'which office is confirm dialogue'
Sun Feb  9 18:09:28 2020 DISMIS thinks you said 'whats the time'
Sun Feb  9 18:09:46 2020 DISMIS thinks you said 'whats the date'
Sun Feb  9 18:10:11 2020 DISMIS thinks you said 'good morning'
Tue Feb 11 09:30:12 2020 DISMIS thinks you said 'what is the milestone'
Tue Feb 11 09:31:20 2020 DISMIS thinks you said 'what is'
Tue Feb 11 09:31:29 2020 DISMIS thinks you said 'what is the milestone'
Tue Feb 11 09:32:23 2020 DISMIS thinks you said 'what is your milestone'
Tue Feb 11 09:32:54 2020 DISMIS thinks you said 'deteriorate'
Tue Feb 11 09:34:45 2020 DISMIS thinks you said 'what is germiston'
Tue Feb 11 09:34:54 2020 DISMIS thinks you said 'what is thermal stone'
Tue Feb 11 09:35:02 2020 DISMIS thinks you said 'what is your milestone'
Tue Feb 11 09:35:21 2020 DISMIS thinks you said 'concession'
Tue Feb 11 09:35:37 2020 DISMIS thinks you said 'ram shastra study'
Tue Feb 11 09:35:47 2020 DISMIS thinks you said '26 january 1950'
Tue Feb 11 09:37:52 2020 DISMIS thinks you said 'what is your milestone'
Tue Feb 11 09:39:22 2020 DISMIS thinks you said 'what is the milestone'
Tue Feb 11 09:40:35 2020 DISMIS thinks you said 'what is your milestone'
Tue Feb 11 09:40:48 2020 DISMIS thinks you said 'launch of history mr january 2020'
Tue Feb 11 09:41:19 2020 DISMIS thinks you said 'what is the milestone'
Tue Feb 11 09:42:15 2020 DISMIS thinks you said 'what is your milestone'
Tue Feb 11 09:42:43 2020 DISMIS thinks you said 'what is your milestone'
Tue Feb 11 09:43:47 2020 DISMIS thinks you said 'what is your milestone'
Tue Feb 11 10:01:11 2020 DISMIS thinks you said 'what is my stone'
Tue Feb 11 10:01:20 2020 DISMIS thinks you said 'what is your milestone'
Tue Feb 11 10:01:57 2020 DISMIS thinks you said 'what is your milestone'
Tue Feb 11 10:02:07 2020 DISMIS thinks you said 'history'
Tue Feb 11 10:18:22 2020 DISMIS thinks you said 'what are the things can you do'
Tue Feb 11 10:43:37 2020 DISMIS thinks you said 'what are the destiny 2'
Tue Feb 11 10:56:23 2020 DISMIS thinks you said 'what are the things can'
Fri Feb 14 17:53:22 2020 DISMIS thinks you said 'hello'
Fri Feb 14 17:59:41 2020 DISMIS thinks you said 'hello'
Fri Feb 14 18:12:32 2020 DISMIS thinks you said 'who are you'
Fri Feb 14 18:13:06 2020 DISMIS thinks you said 'introduce yourself'
Fri Feb 14 18:13:40 2020 DISMIS thinks you said 'google'
Fri Feb 14 18:13:48 2020 DISMIS thinks you said 'open google'
Fri Feb 14 18:20:35 2020 DISMIS thinks you said 'chup chup chup'
Fri Feb 14 18:21:15 2020 DISMIS thinks you said 'festival'
Sat Feb 15 17:58:26 2020 DISMIS thinks you said 'hello hello'
Sun Feb 16 11:47:19 2020 DISMIS thinks you said 'thank you canada'
Sun Feb 16 11:47:34 2020 DISMIS thinks you said 'hello hello'
Sun Feb 16 11:47:49 2020 DISMIS thinks you said 'hello'
Sun Feb 16 11:51:45 2020 DISMIS thinks you said 'hello hello'
Sun Feb 16 12:21:01 2020 DISMIS thinks you said 'sal ki bali'
Sun Feb 16 12:21:09 2020 DISMIS thinks you said 'shahrukh khan'
Sun Feb 16 12:21:57 2020 DISMIS thinks you said 'tiger friend'
Sun Feb 16 12:24:41 2020 DISMIS thinks you said 'yogesh'
Sun Feb 16 17:48:29 2020 DISMIS thinks you said '300'
Sun Feb 16 17:48:38 2020 DISMIS thinks you said 'set the volume at 0%'
Sun Feb 16 17:59:00 2020 DISMIS thinks you said 'hello hello'
Sun Feb 16 17:59:08 2020 DISMIS thinks you said 'set the volume 100%'
Sun Feb 16 18:13:02 2020 DISMIS thinks you said 'set volume 100%'
Sun Feb 16 18:16:23 2020 DISMIS thinks you said 'set the volume at hundred percent'
Sun Feb 16 18:17:51 2020 DISMIS thinks you said 'cidco'
Sun Feb 16 18:18:06 2020 DISMIS thinks you said 'set the volume to 10%'
Mon Feb 17 17:56:42 2020 DISMIS thinks you said 'good evening'
Mon Feb 17 17:59:51 2020 DISMIS thinks you said 'good evening'
Mon Feb 17 18:01:12 2020 DISMIS thinks you said 'im going going out'
Mon Feb 17 18:01:20 2020 DISMIS thinks you said 'i am going now'
Mon Feb 17 18:01:28 2020 DISMIS thinks you said 'i am going out'
